Checking whether the ASM compiler is GNU using "--version" did not match "(GNU assembler)|(GCC)|(Free Software Foundation)":
Cray clang version 15.0.0  (5572968650dbba0d3d3cca7bb6413c56543a4fa6)
Target: x86_64-unknown-linux-gnu
Thread model: posix
InstalledDir: /opt/cray/pe/cce/15.0.0/cce-clang/x86_64/share/../bin
Detecting C OpenMP failed with the following output:
Change Dir: /cray/css/users/smehta/NAMD_CPU_bundle/NAMD_Git-2022-07-21_Source/charmGIT_mpi_smp/mpi-crayshasta-smp/CMakeFiles/CMakeTmp

Run Build Command(s):/usr/bin/gmake cmTC_ee36b/fast && /usr/bin/gmake -f CMakeFiles/cmTC_ee36b.dir/build.make CMakeFiles/cmTC_ee36b.dir/build
gmake[1]: Entering directory '/cray/css/users/smehta/NAMD_CPU_bundle/NAMD_Git-2022-07-21_Source/charmGIT_mpi_smp/mpi-crayshasta-smp/CMakeFiles/CMakeTmp'
Building C object CMakeFiles/cmTC_ee36b.dir/OpenMPTryFlag.c.o
/opt/cray/pe/craype/2.7.19.2/bin/cc   -fopenmp=libomp -v   -o CMakeFiles/cmTC_ee36b.dir/OpenMPTryFlag.c.o   -c /cray/css/users/smehta/NAMD_CPU_bundle/NAMD_Git-2022-07-21_Source/charmGIT_mpi_smp/mpi-crayshasta-smp/CMakeFiles/FindOpenMP/OpenMPTryFlag.c
Cray clang version 15.0.0  (5572968650dbba0d3d3cca7bb6413c56543a4fa6)
Target: x86_64-unknown-linux-gnu
Thread model: posix
InstalledDir: /opt/cray/pe/cce/15.0.0/cce-clang/x86_64/share/../bin
Found candidate GCC installation: /opt/gcc/10.3.0/snos/lib/gcc/x86_64-suse-linux/10.3.0
Selected GCC installation: /opt/gcc/10.3.0/snos/lib/gcc/x86_64-suse-linux/10.3.0
Candidate multilib: .;@m64
Selected multilib: .;@m64
Found CUDA installation: /usr/local/cuda, version 11.0
clang-15: error: -fopenmp=libomp should be used with -fno-cray or -fno-cray-openmp
gmake[1]: *** [CMakeFiles/cmTC_ee36b.dir/build.make:83: CMakeFiles/cmTC_ee36b.dir/OpenMPTryFlag.c.o] Error 1
gmake[1]: Leaving directory '/cray/css/users/smehta/NAMD_CPU_bundle/NAMD_Git-2022-07-21_Source/charmGIT_mpi_smp/mpi-crayshasta-smp/CMakeFiles/CMakeTmp'
gmake: *** [Makefile:138: cmTC_ee36b/fast] Error 2



Detecting C OpenMP failed with the following output:
Change Dir: /cray/css/users/smehta/NAMD_CPU_bundle/NAMD_Git-2022-07-21_Source/charmGIT_mpi_smp/mpi-crayshasta-smp/CMakeFiles/CMakeTmp

Run Build Command(s):/usr/bin/gmake cmTC_44972/fast && /usr/bin/gmake -f CMakeFiles/cmTC_44972.dir/build.make CMakeFiles/cmTC_44972.dir/build
gmake[1]: Entering directory '/cray/css/users/smehta/NAMD_CPU_bundle/NAMD_Git-2022-07-21_Source/charmGIT_mpi_smp/mpi-crayshasta-smp/CMakeFiles/CMakeTmp'
Building C object CMakeFiles/cmTC_44972.dir/OpenMPTryFlag.c.o
/opt/cray/pe/craype/2.7.19.2/bin/cc   -fopenmp=libiomp5 -v   -o CMakeFiles/cmTC_44972.dir/OpenMPTryFlag.c.o   -c /cray/css/users/smehta/NAMD_CPU_bundle/NAMD_Git-2022-07-21_Source/charmGIT_mpi_smp/mpi-crayshasta-smp/CMakeFiles/FindOpenMP/OpenMPTryFlag.c
Cray clang version 15.0.0  (5572968650dbba0d3d3cca7bb6413c56543a4fa6)
Target: x86_64-unknown-linux-gnu
Thread model: posix
InstalledDir: /opt/cray/pe/cce/15.0.0/cce-clang/x86_64/share/../bin
Found candidate GCC installation: /opt/gcc/10.3.0/snos/lib/gcc/x86_64-suse-linux/10.3.0
Selected GCC installation: /opt/gcc/10.3.0/snos/lib/gcc/x86_64-suse-linux/10.3.0
Candidate multilib: .;@m64
Selected multilib: .;@m64
Found CUDA installation: /usr/local/cuda, version 11.0
clang-15: error: -fopenmp=libomp should be used with -fno-cray or -fno-cray-openmp
gmake[1]: *** [CMakeFiles/cmTC_44972.dir/build.make:83: CMakeFiles/cmTC_44972.dir/OpenMPTryFlag.c.o] Error 1
gmake[1]: Leaving directory '/cray/css/users/smehta/NAMD_CPU_bundle/NAMD_Git-2022-07-21_Source/charmGIT_mpi_smp/mpi-crayshasta-smp/CMakeFiles/CMakeTmp'
gmake: *** [Makefile:138: cmTC_44972/fast] Error 2



Detecting CXX OpenMP failed with the following output:
Change Dir: /cray/css/users/smehta/NAMD_CPU_bundle/NAMD_Git-2022-07-21_Source/charmGIT_mpi_smp/mpi-crayshasta-smp/CMakeFiles/CMakeTmp

Run Build Command(s):/usr/bin/gmake cmTC_22972/fast && /usr/bin/gmake -f CMakeFiles/cmTC_22972.dir/build.make CMakeFiles/cmTC_22972.dir/build
gmake[1]: Entering directory '/cray/css/users/smehta/NAMD_CPU_bundle/NAMD_Git-2022-07-21_Source/charmGIT_mpi_smp/mpi-crayshasta-smp/CMakeFiles/CMakeTmp'
Building CXX object CMakeFiles/cmTC_22972.dir/OpenMPTryFlag.cpp.o
/opt/cray/pe/craype/2.7.19.2/bin/CC    -fopenmp=libomp -v   -o CMakeFiles/cmTC_22972.dir/OpenMPTryFlag.cpp.o -c /cray/css/users/smehta/NAMD_CPU_bundle/NAMD_Git-2022-07-21_Source/charmGIT_mpi_smp/mpi-crayshasta-smp/CMakeFiles/FindOpenMP/OpenMPTryFlag.cpp
Cray clang version 15.0.0  (5572968650dbba0d3d3cca7bb6413c56543a4fa6)
Target: x86_64-unknown-linux-gnu
Thread model: posix
InstalledDir: /opt/cray/pe/cce/15.0.0/cce-clang/x86_64/share/../bin
Found candidate GCC installation: /opt/gcc/10.3.0/snos/lib/gcc/x86_64-suse-linux/10.3.0
Selected GCC installation: /opt/gcc/10.3.0/snos/lib/gcc/x86_64-suse-linux/10.3.0
Candidate multilib: .;@m64
Selected multilib: .;@m64
Found CUDA installation: /usr/local/cuda, version 11.0
clang-15: error: -fopenmp=libomp should be used with -fno-cray or -fno-cray-openmp
gmake[1]: *** [CMakeFiles/cmTC_22972.dir/build.make:83: CMakeFiles/cmTC_22972.dir/OpenMPTryFlag.cpp.o] Error 1
gmake[1]: Leaving directory '/cray/css/users/smehta/NAMD_CPU_bundle/NAMD_Git-2022-07-21_Source/charmGIT_mpi_smp/mpi-crayshasta-smp/CMakeFiles/CMakeTmp'
gmake: *** [Makefile:138: cmTC_22972/fast] Error 2



Detecting CXX OpenMP failed with the following output:
Change Dir: /cray/css/users/smehta/NAMD_CPU_bundle/NAMD_Git-2022-07-21_Source/charmGIT_mpi_smp/mpi-crayshasta-smp/CMakeFiles/CMakeTmp

Run Build Command(s):/usr/bin/gmake cmTC_3408a/fast && /usr/bin/gmake -f CMakeFiles/cmTC_3408a.dir/build.make CMakeFiles/cmTC_3408a.dir/build
gmake[1]: Entering directory '/cray/css/users/smehta/NAMD_CPU_bundle/NAMD_Git-2022-07-21_Source/charmGIT_mpi_smp/mpi-crayshasta-smp/CMakeFiles/CMakeTmp'
Building CXX object CMakeFiles/cmTC_3408a.dir/OpenMPTryFlag.cpp.o
/opt/cray/pe/craype/2.7.19.2/bin/CC    -fopenmp=libiomp5 -v   -o CMakeFiles/cmTC_3408a.dir/OpenMPTryFlag.cpp.o -c /cray/css/users/smehta/NAMD_CPU_bundle/NAMD_Git-2022-07-21_Source/charmGIT_mpi_smp/mpi-crayshasta-smp/CMakeFiles/FindOpenMP/OpenMPTryFlag.cpp
Cray clang version 15.0.0  (5572968650dbba0d3d3cca7bb6413c56543a4fa6)
Target: x86_64-unknown-linux-gnu
Thread model: posix
InstalledDir: /opt/cray/pe/cce/15.0.0/cce-clang/x86_64/share/../bin
Found candidate GCC installation: /opt/gcc/10.3.0/snos/lib/gcc/x86_64-suse-linux/10.3.0
Selected GCC installation: /opt/gcc/10.3.0/snos/lib/gcc/x86_64-suse-linux/10.3.0
Candidate multilib: .;@m64
Selected multilib: .;@m64
Found CUDA installation: /usr/local/cuda, version 11.0
clang-15: error: -fopenmp=libomp should be used with -fno-cray or -fno-cray-openmp
gmake[1]: *** [CMakeFiles/cmTC_3408a.dir/build.make:83: CMakeFiles/cmTC_3408a.dir/OpenMPTryFlag.cpp.o] Error 1
gmake[1]: Leaving directory '/cray/css/users/smehta/NAMD_CPU_bundle/NAMD_Git-2022-07-21_Source/charmGIT_mpi_smp/mpi-crayshasta-smp/CMakeFiles/CMakeTmp'
gmake: *** [Makefile:138: cmTC_3408a/fast] Error 2



Determining size of GROUP_AFFINITY failed with the following output:
Change Dir: /cray/css/users/smehta/NAMD_CPU_bundle/NAMD_Git-2022-07-21_Source/charmGIT_mpi_smp/mpi-crayshasta-smp/CMakeFiles/CMakeTmp

Run Build Command(s):/usr/bin/gmake cmTC_b5603/fast && /usr/bin/gmake -f CMakeFiles/cmTC_b5603.dir/build.make CMakeFiles/cmTC_b5603.dir/build
gmake[1]: Entering directory '/cray/css/users/smehta/NAMD_CPU_bundle/NAMD_Git-2022-07-21_Source/charmGIT_mpi_smp/mpi-crayshasta-smp/CMakeFiles/CMakeTmp'
Building C object CMakeFiles/cmTC_b5603.dir/HAVE_GROUP_AFFINITY.c.o
/opt/cray/pe/craype/2.7.19.2/bin/cc -D_GNU_SOURCE  -O3 -DNDEBUG   -o CMakeFiles/cmTC_b5603.dir/HAVE_GROUP_AFFINITY.c.o   -c /cray/css/users/smehta/NAMD_CPU_bundle/NAMD_Git-2022-07-21_Source/charmGIT_mpi_smp/mpi-crayshasta-smp/CMakeFiles/CheckTypeSize/HAVE_GROUP_AFFINITY.c
/cray/css/users/smehta/NAMD_CPU_bundle/NAMD_Git-2022-07-21_Source/charmGIT_mpi_smp/mpi-crayshasta-smp/CMakeFiles/CheckTypeSize/HAVE_GROUP_AFFINITY.c:27:12: error: use of undeclared identifier 'GROUP_AFFINITY'
  ('0' + ((SIZE / 10000)%10)),
           ^
/cray/css/users/smehta/NAMD_CPU_bundle/NAMD_Git-2022-07-21_Source/charmGIT_mpi_smp/mpi-crayshasta-smp/CMakeFiles/CheckTypeSize/HAVE_GROUP_AFFINITY.c:25:22: note: expanded from macro 'SIZE'
#define SIZE (sizeof(GROUP_AFFINITY))
                     ^
/cray/css/users/smehta/NAMD_CPU_bundle/NAMD_Git-2022-07-21_Source/charmGIT_mpi_smp/mpi-crayshasta-smp/CMakeFiles/CheckTypeSize/HAVE_GROUP_AFFINITY.c:28:12: error: use of undeclared identifier 'GROUP_AFFINITY'
  ('0' + ((SIZE / 1000)%10)),
           ^
/cray/css/users/smehta/NAMD_CPU_bundle/NAMD_Git-2022-07-21_Source/charmGIT_mpi_smp/mpi-crayshasta-smp/CMakeFiles/CheckTypeSize/HAVE_GROUP_AFFINITY.c:25:22: note: expanded from macro 'SIZE'
#define SIZE (sizeof(GROUP_AFFINITY))
                     ^
/cray/css/users/smehta/NAMD_CPU_bundle/NAMD_Git-2022-07-21_Source/charmGIT_mpi_smp/mpi-crayshasta-smp/CMakeFiles/CheckTypeSize/HAVE_GROUP_AFFINITY.c:29:12: error: use of undeclared identifier 'GROUP_AFFINITY'
  ('0' + ((SIZE / 100)%10)),
           ^
/cray/css/users/smehta/NAMD_CPU_bundle/NAMD_Git-2022-07-21_Source/charmGIT_mpi_smp/mpi-crayshasta-smp/CMakeFiles/CheckTypeSize/HAVE_GROUP_AFFINITY.c:25:22: note: expanded from macro 'SIZE'
#define SIZE (sizeof(GROUP_AFFINITY))
                     ^
/cray/css/users/smehta/NAMD_CPU_bundle/NAMD_Git-2022-07-21_Source/charmGIT_mpi_smp/mpi-crayshasta-smp/CMakeFiles/CheckTypeSize/HAVE_GROUP_AFFINITY.c:30:12: error: use of undeclared identifier 'GROUP_AFFINITY'
  ('0' + ((SIZE / 10)%10)),
           ^
/cray/css/users/smehta/NAMD_CPU_bundle/NAMD_Git-2022-07-21_Source/charmGIT_mpi_smp/mpi-crayshasta-smp/CMakeFiles/CheckTypeSize/HAVE_GROUP_AFFINITY.c:25:22: note: expanded from macro 'SIZE'
#define SIZE (sizeof(GROUP_AFFINITY))
                     ^
/cray/css/users/smehta/NAMD_CPU_bundle/NAMD_Git-2022-07-21_Source/charmGIT_mpi_smp/mpi-crayshasta-smp/CMakeFiles/CheckTypeSize/HAVE_GROUP_AFFINITY.c:31:12: error: use of undeclared identifier 'GROUP_AFFINITY'
  ('0' +  (SIZE    % 10)),
           ^
/cray/css/users/smehta/NAMD_CPU_bundle/NAMD_Git-2022-07-21_Source/charmGIT_mpi_smp/mpi-crayshasta-smp/CMakeFiles/CheckTypeSize/HAVE_GROUP_AFFINITY.c:25:22: note: expanded from macro 'SIZE'
#define SIZE (sizeof(GROUP_AFFINITY))
                     ^
5 errors generated.
gmake[1]: *** [CMakeFiles/cmTC_b5603.dir/build.make:83: CMakeFiles/cmTC_b5603.dir/HAVE_GROUP_AFFINITY.c.o] Error 1
gmake[1]: Leaving directory '/cray/css/users/smehta/NAMD_CPU_bundle/NAMD_Git-2022-07-21_Source/charmGIT_mpi_smp/mpi-crayshasta-smp/CMakeFiles/CMakeTmp'
gmake: *** [Makefile:138: cmTC_b5603/fast] Error 2


/cray/css/users/smehta/NAMD_CPU_bundle/NAMD_Git-2022-07-21_Source/charmGIT_mpi_smp/mpi-crayshasta-smp/CMakeFiles/CheckTypeSize/HAVE_GROUP_AFFINITY.c:
#include <sys/types.h>
#include <stdint.h>
#include <stddef.h>
#include "sys/types.h"
#include "sys/socket.h"


#undef KEY
#if defined(__i386)
# define KEY '_','_','i','3','8','6'
#elif defined(__x86_64)
# define KEY '_','_','x','8','6','_','6','4'
#elif defined(__ppc__)
# define KEY '_','_','p','p','c','_','_'
#elif defined(__ppc64__)
# define KEY '_','_','p','p','c','6','4','_','_'
#elif defined(__aarch64__)
# define KEY '_','_','a','a','r','c','h','6','4','_','_'
#elif defined(__ARM_ARCH_7A__)
# define KEY '_','_','A','R','M','_','A','R','C','H','_','7','A','_','_'
#elif defined(__ARM_ARCH_7S__)
# define KEY '_','_','A','R','M','_','A','R','C','H','_','7','S','_','_'
#endif

#define SIZE (sizeof(GROUP_AFFINITY))
static char info_size[] =  {'I', 'N', 'F', 'O', ':', 's','i','z','e','[',
  ('0' + ((SIZE / 10000)%10)),
  ('0' + ((SIZE / 1000)%10)),
  ('0' + ((SIZE / 100)%10)),
  ('0' + ((SIZE / 10)%10)),
  ('0' +  (SIZE    % 10)),
  ']',
#ifdef KEY
  ' ','k','e','y','[', KEY, ']',
#endif
  '\0'};

#ifdef __CLASSIC_C__
int main(argc, argv) int argc; char *argv[];
#else
int main(int argc, char *argv[])
#endif
{
  int require = 0;
  require += info_size[argc];
  (void)argv;
  return require;
}


Determining size of GROUP_RELATIONSHIP failed with the following output:
Change Dir: /cray/css/users/smehta/NAMD_CPU_bundle/NAMD_Git-2022-07-21_Source/charmGIT_mpi_smp/mpi-crayshasta-smp/CMakeFiles/CMakeTmp

Run Build Command(s):/usr/bin/gmake cmTC_066be/fast && /usr/bin/gmake -f CMakeFiles/cmTC_066be.dir/build.make CMakeFiles/cmTC_066be.dir/build
gmake[1]: Entering directory '/cray/css/users/smehta/NAMD_CPU_bundle/NAMD_Git-2022-07-21_Source/charmGIT_mpi_smp/mpi-crayshasta-smp/CMakeFiles/CMakeTmp'
Building C object CMakeFiles/cmTC_066be.dir/HAVE_GROUP_RELATIONSHIP.c.o
/opt/cray/pe/craype/2.7.19.2/bin/cc -D_GNU_SOURCE  -O3 -DNDEBUG   -o CMakeFiles/cmTC_066be.dir/HAVE_GROUP_RELATIONSHIP.c.o   -c /cray/css/users/smehta/NAMD_CPU_bundle/NAMD_Git-2022-07-21_Source/charmGIT_mpi_smp/mpi-crayshasta-smp/CMakeFiles/CheckTypeSize/HAVE_GROUP_RELATIONSHIP.c
/cray/css/users/smehta/NAMD_CPU_bundle/NAMD_Git-2022-07-21_Source/charmGIT_mpi_smp/mpi-crayshasta-smp/CMakeFiles/CheckTypeSize/HAVE_GROUP_RELATIONSHIP.c:27:12: error: use of undeclared identifier 'GROUP_RELATIONSHIP'
  ('0' + ((SIZE / 10000)%10)),
           ^
/cray/css/users/smehta/NAMD_CPU_bundle/NAMD_Git-2022-07-21_Source/charmGIT_mpi_smp/mpi-crayshasta-smp/CMakeFiles/CheckTypeSize/HAVE_GROUP_RELATIONSHIP.c:25:22: note: expanded from macro 'SIZE'
#define SIZE (sizeof(GROUP_RELATIONSHIP))
                     ^
/cray/css/users/smehta/NAMD_CPU_bundle/NAMD_Git-2022-07-21_Source/charmGIT_mpi_smp/mpi-crayshasta-smp/CMakeFiles/CheckTypeSize/HAVE_GROUP_RELATIONSHIP.c:28:12: error: use of undeclared identifier 'GROUP_RELATIONSHIP'
  ('0' + ((SIZE / 1000)%10)),
           ^
/cray/css/users/smehta/NAMD_CPU_bundle/NAMD_Git-2022-07-21_Source/charmGIT_mpi_smp/mpi-crayshasta-smp/CMakeFiles/CheckTypeSize/HAVE_GROUP_RELATIONSHIP.c:25:22: note: expanded from macro 'SIZE'
#define SIZE (sizeof(GROUP_RELATIONSHIP))
                     ^
/cray/css/users/smehta/NAMD_CPU_bundle/NAMD_Git-2022-07-21_Source/charmGIT_mpi_smp/mpi-crayshasta-smp/CMakeFiles/CheckTypeSize/HAVE_GROUP_RELATIONSHIP.c:29:12: error: use of undeclared identifier 'GROUP_RELATIONSHIP'
  ('0' + ((SIZE / 100)%10)),
           ^
/cray/css/users/smehta/NAMD_CPU_bundle/NAMD_Git-2022-07-21_Source/charmGIT_mpi_smp/mpi-crayshasta-smp/CMakeFiles/CheckTypeSize/HAVE_GROUP_RELATIONSHIP.c:25:22: note: expanded from macro 'SIZE'
#define SIZE (sizeof(GROUP_RELATIONSHIP))
                     ^
/cray/css/users/smehta/NAMD_CPU_bundle/NAMD_Git-2022-07-21_Source/charmGIT_mpi_smp/mpi-crayshasta-smp/CMakeFiles/CheckTypeSize/HAVE_GROUP_RELATIONSHIP.c:30:12: error: use of undeclared identifier 'GROUP_RELATIONSHIP'
  ('0' + ((SIZE / 10)%10)),
           ^
/cray/css/users/smehta/NAMD_CPU_bundle/NAMD_Git-2022-07-21_Source/charmGIT_mpi_smp/mpi-crayshasta-smp/CMakeFiles/CheckTypeSize/HAVE_GROUP_RELATIONSHIP.c:25:22: note: expanded from macro 'SIZE'
#define SIZE (sizeof(GROUP_RELATIONSHIP))
                     ^
/cray/css/users/smehta/NAMD_CPU_bundle/NAMD_Git-2022-07-21_Source/charmGIT_mpi_smp/mpi-crayshasta-smp/CMakeFiles/CheckTypeSize/HAVE_GROUP_RELATIONSHIP.c:31:12: error: use of undeclared identifier 'GROUP_RELATIONSHIP'
  ('0' +  (SIZE    % 10)),
           ^
/cray/css/users/smehta/NAMD_CPU_bundle/NAMD_Git-2022-07-21_Source/charmGIT_mpi_smp/mpi-crayshasta-smp/CMakeFiles/CheckTypeSize/HAVE_GROUP_RELATIONSHIP.c:25:22: note: expanded from macro 'SIZE'
#define SIZE (sizeof(GROUP_RELATIONSHIP))
                     ^
5 errors generated.
gmake[1]: *** [CMakeFiles/cmTC_066be.dir/build.make:83: CMakeFiles/cmTC_066be.dir/HAVE_GROUP_RELATIONSHIP.c.o] Error 1
gmake[1]: Leaving directory '/cray/css/users/smehta/NAMD_CPU_bundle/NAMD_Git-2022-07-21_Source/charmGIT_mpi_smp/mpi-crayshasta-smp/CMakeFiles/CMakeTmp'
gmake: *** [Makefile:138: cmTC_066be/fast] Error 2


/cray/css/users/smehta/NAMD_CPU_bundle/NAMD_Git-2022-07-21_Source/charmGIT_mpi_smp/mpi-crayshasta-smp/CMakeFiles/CheckTypeSize/HAVE_GROUP_RELATIONSHIP.c:
#include <sys/types.h>
#include <stdint.h>
#include <stddef.h>
#include "sys/types.h"
#include "sys/socket.h"


#undef KEY
#if defined(__i386)
# define KEY '_','_','i','3','8','6'
#elif defined(__x86_64)
# define KEY '_','_','x','8','6','_','6','4'
#elif defined(__ppc__)
# define KEY '_','_','p','p','c','_','_'
#elif defined(__ppc64__)
# define KEY '_','_','p','p','c','6','4','_','_'
#elif defined(__aarch64__)
# define KEY '_','_','a','a','r','c','h','6','4','_','_'
#elif defined(__ARM_ARCH_7A__)
# define KEY '_','_','A','R','M','_','A','R','C','H','_','7','A','_','_'
#elif defined(__ARM_ARCH_7S__)
# define KEY '_','_','A','R','M','_','A','R','C','H','_','7','S','_','_'
#endif

#define SIZE (sizeof(GROUP_RELATIONSHIP))
static char info_size[] =  {'I', 'N', 'F', 'O', ':', 's','i','z','e','[',
  ('0' + ((SIZE / 10000)%10)),
  ('0' + ((SIZE / 1000)%10)),
  ('0' + ((SIZE / 100)%10)),
  ('0' + ((SIZE / 10)%10)),
  ('0' +  (SIZE    % 10)),
  ']',
#ifdef KEY
  ' ','k','e','y','[', KEY, ']',
#endif
  '\0'};

#ifdef __CLASSIC_C__
int main(argc, argv) int argc; char *argv[];
#else
int main(int argc, char *argv[])
#endif
{
  int require = 0;
  require += info_size[argc];
  (void)argv;
  return require;
}


Determining size of KAFFINITY failed with the following output:
Change Dir: /cray/css/users/smehta/NAMD_CPU_bundle/NAMD_Git-2022-07-21_Source/charmGIT_mpi_smp/mpi-crayshasta-smp/CMakeFiles/CMakeTmp

Run Build Command(s):/usr/bin/gmake cmTC_6a767/fast && /usr/bin/gmake -f CMakeFiles/cmTC_6a767.dir/build.make CMakeFiles/cmTC_6a767.dir/build
gmake[1]: Entering directory '/cray/css/users/smehta/NAMD_CPU_bundle/NAMD_Git-2022-07-21_Source/charmGIT_mpi_smp/mpi-crayshasta-smp/CMakeFiles/CMakeTmp'
Building C object CMakeFiles/cmTC_6a767.dir/HAVE_KAFFINITY.c.o
/opt/cray/pe/craype/2.7.19.2/bin/cc -D_GNU_SOURCE  -O3 -DNDEBUG   -o CMakeFiles/cmTC_6a767.dir/HAVE_KAFFINITY.c.o   -c /cray/css/users/smehta/NAMD_CPU_bundle/NAMD_Git-2022-07-21_Source/charmGIT_mpi_smp/mpi-crayshasta-smp/CMakeFiles/CheckTypeSize/HAVE_KAFFINITY.c
/cray/css/users/smehta/NAMD_CPU_bundle/NAMD_Git-2022-07-21_Source/charmGIT_mpi_smp/mpi-crayshasta-smp/CMakeFiles/CheckTypeSize/HAVE_KAFFINITY.c:27:12: error: use of undeclared identifier 'KAFFINITY'
  ('0' + ((SIZE / 10000)%10)),
           ^
/cray/css/users/smehta/NAMD_CPU_bundle/NAMD_Git-2022-07-21_Source/charmGIT_mpi_smp/mpi-crayshasta-smp/CMakeFiles/CheckTypeSize/HAVE_KAFFINITY.c:25:22: note: expanded from macro 'SIZE'
#define SIZE (sizeof(KAFFINITY))
                     ^
/cray/css/users/smehta/NAMD_CPU_bundle/NAMD_Git-2022-07-21_Source/charmGIT_mpi_smp/mpi-crayshasta-smp/CMakeFiles/CheckTypeSize/HAVE_KAFFINITY.c:28:12: error: use of undeclared identifier 'KAFFINITY'
  ('0' + ((SIZE / 1000)%10)),
           ^
/cray/css/users/smehta/NAMD_CPU_bundle/NAMD_Git-2022-07-21_Source/charmGIT_mpi_smp/mpi-crayshasta-smp/CMakeFiles/CheckTypeSize/HAVE_KAFFINITY.c:25:22: note: expanded from macro 'SIZE'
#define SIZE (sizeof(KAFFINITY))
                     ^
/cray/css/users/smehta/NAMD_CPU_bundle/NAMD_Git-2022-07-21_Source/charmGIT_mpi_smp/mpi-crayshasta-smp/CMakeFiles/CheckTypeSize/HAVE_KAFFINITY.c:29:12: error: use of undeclared identifier 'KAFFINITY'
  ('0' + ((SIZE / 100)%10)),
           ^
/cray/css/users/smehta/NAMD_CPU_bundle/NAMD_Git-2022-07-21_Source/charmGIT_mpi_smp/mpi-crayshasta-smp/CMakeFiles/CheckTypeSize/HAVE_KAFFINITY.c:25:22: note: expanded from macro 'SIZE'
#define SIZE (sizeof(KAFFINITY))
                     ^
/cray/css/users/smehta/NAMD_CPU_bundle/NAMD_Git-2022-07-21_Source/charmGIT_mpi_smp/mpi-crayshasta-smp/CMakeFiles/CheckTypeSize/HAVE_KAFFINITY.c:30:12: error: use of undeclared identifier 'KAFFINITY'
  ('0' + ((SIZE / 10)%10)),
           ^
/cray/css/users/smehta/NAMD_CPU_bundle/NAMD_Git-2022-07-21_Source/charmGIT_mpi_smp/mpi-crayshasta-smp/CMakeFiles/CheckTypeSize/HAVE_KAFFINITY.c:25:22: note: expanded from macro 'SIZE'
#define SIZE (sizeof(KAFFINITY))
                     ^
/cray/css/users/smehta/NAMD_CPU_bundle/NAMD_Git-2022-07-21_Source/charmGIT_mpi_smp/mpi-crayshasta-smp/CMakeFiles/CheckTypeSize/HAVE_KAFFINITY.c:31:12: error: use of undeclared identifier 'KAFFINITY'
  ('0' +  (SIZE    % 10)),
           ^
/cray/css/users/smehta/NAMD_CPU_bundle/NAMD_Git-2022-07-21_Source/charmGIT_mpi_smp/mpi-crayshasta-smp/CMakeFiles/CheckTypeSize/HAVE_KAFFINITY.c:25:22: note: expanded from macro 'SIZE'
#define SIZE (sizeof(KAFFINITY))
                     ^
5 errors generated.
gmake[1]: *** [CMakeFiles/cmTC_6a767.dir/build.make:83: CMakeFiles/cmTC_6a767.dir/HAVE_KAFFINITY.c.o] Error 1
gmake[1]: Leaving directory '/cray/css/users/smehta/NAMD_CPU_bundle/NAMD_Git-2022-07-21_Source/charmGIT_mpi_smp/mpi-crayshasta-smp/CMakeFiles/CMakeTmp'
gmake: *** [Makefile:138: cmTC_6a767/fast] Error 2


/cray/css/users/smehta/NAMD_CPU_bundle/NAMD_Git-2022-07-21_Source/charmGIT_mpi_smp/mpi-crayshasta-smp/CMakeFiles/CheckTypeSize/HAVE_KAFFINITY.c:
#include <sys/types.h>
#include <stdint.h>
#include <stddef.h>
#include "sys/types.h"
#include "sys/socket.h"


#undef KEY
#if defined(__i386)
# define KEY '_','_','i','3','8','6'
#elif defined(__x86_64)
# define KEY '_','_','x','8','6','_','6','4'
#elif defined(__ppc__)
# define KEY '_','_','p','p','c','_','_'
#elif defined(__ppc64__)
# define KEY '_','_','p','p','c','6','4','_','_'
#elif defined(__aarch64__)
# define KEY '_','_','a','a','r','c','h','6','4','_','_'
#elif defined(__ARM_ARCH_7A__)
# define KEY '_','_','A','R','M','_','A','R','C','H','_','7','A','_','_'
#elif defined(__ARM_ARCH_7S__)
# define KEY '_','_','A','R','M','_','A','R','C','H','_','7','S','_','_'
#endif

#define SIZE (sizeof(KAFFINITY))
static char info_size[] =  {'I', 'N', 'F', 'O', ':', 's','i','z','e','[',
  ('0' + ((SIZE / 10000)%10)),
  ('0' + ((SIZE / 1000)%10)),
  ('0' + ((SIZE / 100)%10)),
  ('0' + ((SIZE / 10)%10)),
  ('0' +  (SIZE    % 10)),
  ']',
#ifdef KEY
  ' ','k','e','y','[', KEY, ']',
#endif
  '\0'};

#ifdef __CLASSIC_C__
int main(argc, argv) int argc; char *argv[];
#else
int main(int argc, char *argv[])
#endif
{
  int require = 0;
  require += info_size[argc];
  (void)argv;
  return require;
}


Determining size of __int64 failed with the following output:
Change Dir: /cray/css/users/smehta/NAMD_CPU_bundle/NAMD_Git-2022-07-21_Source/charmGIT_mpi_smp/mpi-crayshasta-smp/CMakeFiles/CMakeTmp

Run Build Command(s):/usr/bin/gmake cmTC_f018a/fast && /usr/bin/gmake -f CMakeFiles/cmTC_f018a.dir/build.make CMakeFiles/cmTC_f018a.dir/build
gmake[1]: Entering directory '/cray/css/users/smehta/NAMD_CPU_bundle/NAMD_Git-2022-07-21_Source/charmGIT_mpi_smp/mpi-crayshasta-smp/CMakeFiles/CMakeTmp'
Building C object CMakeFiles/cmTC_f018a.dir/CMK___int64_DEFINED.c.o
/opt/cray/pe/craype/2.7.19.2/bin/cc -D_GNU_SOURCE  -O3 -DNDEBUG   -o CMakeFiles/cmTC_f018a.dir/CMK___int64_DEFINED.c.o   -c /cray/css/users/smehta/NAMD_CPU_bundle/NAMD_Git-2022-07-21_Source/charmGIT_mpi_smp/mpi-crayshasta-smp/CMakeFiles/CheckTypeSize/CMK___int64_DEFINED.c
/cray/css/users/smehta/NAMD_CPU_bundle/NAMD_Git-2022-07-21_Source/charmGIT_mpi_smp/mpi-crayshasta-smp/CMakeFiles/CheckTypeSize/CMK___int64_DEFINED.c:27:12: error: use of undeclared identifier '__int64'
  ('0' + ((SIZE / 10000)%10)),
           ^
/cray/css/users/smehta/NAMD_CPU_bundle/NAMD_Git-2022-07-21_Source/charmGIT_mpi_smp/mpi-crayshasta-smp/CMakeFiles/CheckTypeSize/CMK___int64_DEFINED.c:25:22: note: expanded from macro 'SIZE'
#define SIZE (sizeof(__int64))
                     ^
/cray/css/users/smehta/NAMD_CPU_bundle/NAMD_Git-2022-07-21_Source/charmGIT_mpi_smp/mpi-crayshasta-smp/CMakeFiles/CheckTypeSize/CMK___int64_DEFINED.c:28:12: error: use of undeclared identifier '__int64'
  ('0' + ((SIZE / 1000)%10)),
           ^
/cray/css/users/smehta/NAMD_CPU_bundle/NAMD_Git-2022-07-21_Source/charmGIT_mpi_smp/mpi-crayshasta-smp/CMakeFiles/CheckTypeSize/CMK___int64_DEFINED.c:25:22: note: expanded from macro 'SIZE'
#define SIZE (sizeof(__int64))
                     ^
/cray/css/users/smehta/NAMD_CPU_bundle/NAMD_Git-2022-07-21_Source/charmGIT_mpi_smp/mpi-crayshasta-smp/CMakeFiles/CheckTypeSize/CMK___int64_DEFINED.c:29:12: error: use of undeclared identifier '__int64'
  ('0' + ((SIZE / 100)%10)),
           ^
/cray/css/users/smehta/NAMD_CPU_bundle/NAMD_Git-2022-07-21_Source/charmGIT_mpi_smp/mpi-crayshasta-smp/CMakeFiles/CheckTypeSize/CMK___int64_DEFINED.c:25:22: note: expanded from macro 'SIZE'
#define SIZE (sizeof(__int64))
                     ^
/cray/css/users/smehta/NAMD_CPU_bundle/NAMD_Git-2022-07-21_Source/charmGIT_mpi_smp/mpi-crayshasta-smp/CMakeFiles/CheckTypeSize/CMK___int64_DEFINED.c:30:12: error: use of undeclared identifier '__int64'
  ('0' + ((SIZE / 10)%10)),
           ^
/cray/css/users/smehta/NAMD_CPU_bundle/NAMD_Git-2022-07-21_Source/charmGIT_mpi_smp/mpi-crayshasta-smp/CMakeFiles/CheckTypeSize/CMK___int64_DEFINED.c:25:22: note: expanded from macro 'SIZE'
#define SIZE (sizeof(__int64))
                     ^
/cray/css/users/smehta/NAMD_CPU_bundle/NAMD_Git-2022-07-21_Source/charmGIT_mpi_smp/mpi-crayshasta-smp/CMakeFiles/CheckTypeSize/CMK___int64_DEFINED.c:31:12: error: use of undeclared identifier '__int64'
  ('0' +  (SIZE    % 10)),
           ^
/cray/css/users/smehta/NAMD_CPU_bundle/NAMD_Git-2022-07-21_Source/charmGIT_mpi_smp/mpi-crayshasta-smp/CMakeFiles/CheckTypeSize/CMK___int64_DEFINED.c:25:22: note: expanded from macro 'SIZE'
#define SIZE (sizeof(__int64))
                     ^
5 errors generated.
gmake[1]: *** [CMakeFiles/cmTC_f018a.dir/build.make:83: CMakeFiles/cmTC_f018a.dir/CMK___int64_DEFINED.c.o] Error 1
gmake[1]: Leaving directory '/cray/css/users/smehta/NAMD_CPU_bundle/NAMD_Git-2022-07-21_Source/charmGIT_mpi_smp/mpi-crayshasta-smp/CMakeFiles/CMakeTmp'
gmake: *** [Makefile:138: cmTC_f018a/fast] Error 2


/cray/css/users/smehta/NAMD_CPU_bundle/NAMD_Git-2022-07-21_Source/charmGIT_mpi_smp/mpi-crayshasta-smp/CMakeFiles/CheckTypeSize/CMK___int64_DEFINED.c:
#include <sys/types.h>
#include <stdint.h>
#include <stddef.h>
#include "sys/types.h"
#include "sys/socket.h"


#undef KEY
#if defined(__i386)
# define KEY '_','_','i','3','8','6'
#elif defined(__x86_64)
# define KEY '_','_','x','8','6','_','6','4'
#elif defined(__ppc__)
# define KEY '_','_','p','p','c','_','_'
#elif defined(__ppc64__)
# define KEY '_','_','p','p','c','6','4','_','_'
#elif defined(__aarch64__)
# define KEY '_','_','a','a','r','c','h','6','4','_','_'
#elif defined(__ARM_ARCH_7A__)
# define KEY '_','_','A','R','M','_','A','R','C','H','_','7','A','_','_'
#elif defined(__ARM_ARCH_7S__)
# define KEY '_','_','A','R','M','_','A','R','C','H','_','7','S','_','_'
#endif

#define SIZE (sizeof(__int64))
static char info_size[] =  {'I', 'N', 'F', 'O', ':', 's','i','z','e','[',
  ('0' + ((SIZE / 10000)%10)),
  ('0' + ((SIZE / 1000)%10)),
  ('0' + ((SIZE / 100)%10)),
  ('0' + ((SIZE / 10)%10)),
  ('0' +  (SIZE    % 10)),
  ']',
#ifdef KEY
  ' ','k','e','y','[', KEY, ']',
#endif
  '\0'};

#ifdef __CLASSIC_C__
int main(argc, argv) int argc; char *argv[];
#else
int main(int argc, char *argv[])
#endif
{
  int require = 0;
  require += info_size[argc];
  (void)argv;
  return require;
}


Determining if the include file cuda.h exists failed with the following output:
Change Dir: /cray/css/users/smehta/NAMD_CPU_bundle/NAMD_Git-2022-07-21_Source/charmGIT_mpi_smp/mpi-crayshasta-smp/CMakeFiles/CMakeTmp

Run Build Command(s):/usr/bin/gmake cmTC_e1dab/fast && /usr/bin/gmake -f CMakeFiles/cmTC_e1dab.dir/build.make CMakeFiles/cmTC_e1dab.dir/build
gmake[1]: Entering directory '/cray/css/users/smehta/NAMD_CPU_bundle/NAMD_Git-2022-07-21_Source/charmGIT_mpi_smp/mpi-crayshasta-smp/CMakeFiles/CMakeTmp'
Building C object CMakeFiles/cmTC_e1dab.dir/CheckIncludeFile.c.o
/opt/cray/pe/craype/2.7.19.2/bin/cc -D_GNU_SOURCE  -O3 -DNDEBUG   -o CMakeFiles/cmTC_e1dab.dir/CheckIncludeFile.c.o   -c /cray/css/users/smehta/NAMD_CPU_bundle/NAMD_Git-2022-07-21_Source/charmGIT_mpi_smp/mpi-crayshasta-smp/CMakeFiles/CMakeTmp/CheckIncludeFile.c
/cray/css/users/smehta/NAMD_CPU_bundle/NAMD_Git-2022-07-21_Source/charmGIT_mpi_smp/mpi-crayshasta-smp/CMakeFiles/CMakeTmp/CheckIncludeFile.c:1:10: fatal error: 'cuda.h' file not found
#include <cuda.h>
         ^~~~~~~~
1 error generated.
gmake[1]: *** [CMakeFiles/cmTC_e1dab.dir/build.make:83: CMakeFiles/cmTC_e1dab.dir/CheckIncludeFile.c.o] Error 1
gmake[1]: Leaving directory '/cray/css/users/smehta/NAMD_CPU_bundle/NAMD_Git-2022-07-21_Source/charmGIT_mpi_smp/mpi-crayshasta-smp/CMakeFiles/CMakeTmp'
gmake: *** [Makefile:138: cmTC_e1dab/fast] Error 2



Determining if the include file kstat.h exists failed with the following output:
Change Dir: /cray/css/users/smehta/NAMD_CPU_bundle/NAMD_Git-2022-07-21_Source/charmGIT_mpi_smp/mpi-crayshasta-smp/CMakeFiles/CMakeTmp

Run Build Command(s):/usr/bin/gmake cmTC_0f91e/fast && /usr/bin/gmake -f CMakeFiles/cmTC_0f91e.dir/build.make CMakeFiles/cmTC_0f91e.dir/build
gmake[1]: Entering directory '/cray/css/users/smehta/NAMD_CPU_bundle/NAMD_Git-2022-07-21_Source/charmGIT_mpi_smp/mpi-crayshasta-smp/CMakeFiles/CMakeTmp'
Building C object CMakeFiles/cmTC_0f91e.dir/CheckIncludeFile.c.o
/opt/cray/pe/craype/2.7.19.2/bin/cc -D_GNU_SOURCE  -O3 -DNDEBUG   -o CMakeFiles/cmTC_0f91e.dir/CheckIncludeFile.c.o   -c /cray/css/users/smehta/NAMD_CPU_bundle/NAMD_Git-2022-07-21_Source/charmGIT_mpi_smp/mpi-crayshasta-smp/CMakeFiles/CMakeTmp/CheckIncludeFile.c
/cray/css/users/smehta/NAMD_CPU_bundle/NAMD_Git-2022-07-21_Source/charmGIT_mpi_smp/mpi-crayshasta-smp/CMakeFiles/CMakeTmp/CheckIncludeFile.c:1:10: fatal error: 'kstat.h' file not found
#include <kstat.h>
         ^~~~~~~~~
1 error generated.
gmake[1]: *** [CMakeFiles/cmTC_0f91e.dir/build.make:83: CMakeFiles/cmTC_0f91e.dir/CheckIncludeFile.c.o] Error 1
gmake[1]: Leaving directory '/cray/css/users/smehta/NAMD_CPU_bundle/NAMD_Git-2022-07-21_Source/charmGIT_mpi_smp/mpi-crayshasta-smp/CMakeFiles/CMakeTmp'
gmake: *** [Makefile:138: cmTC_0f91e/fast] Error 2



Determining if the include file libudev.h exists failed with the following output:
Change Dir: /cray/css/users/smehta/NAMD_CPU_bundle/NAMD_Git-2022-07-21_Source/charmGIT_mpi_smp/mpi-crayshasta-smp/CMakeFiles/CMakeTmp

Run Build Command(s):/usr/bin/gmake cmTC_9c98c/fast && /usr/bin/gmake -f CMakeFiles/cmTC_9c98c.dir/build.make CMakeFiles/cmTC_9c98c.dir/build
gmake[1]: Entering directory '/cray/css/users/smehta/NAMD_CPU_bundle/NAMD_Git-2022-07-21_Source/charmGIT_mpi_smp/mpi-crayshasta-smp/CMakeFiles/CMakeTmp'
Building C object CMakeFiles/cmTC_9c98c.dir/CheckIncludeFile.c.o
/opt/cray/pe/craype/2.7.19.2/bin/cc -D_GNU_SOURCE  -O3 -DNDEBUG   -o CMakeFiles/cmTC_9c98c.dir/CheckIncludeFile.c.o   -c /cray/css/users/smehta/NAMD_CPU_bundle/NAMD_Git-2022-07-21_Source/charmGIT_mpi_smp/mpi-crayshasta-smp/CMakeFiles/CMakeTmp/CheckIncludeFile.c
/cray/css/users/smehta/NAMD_CPU_bundle/NAMD_Git-2022-07-21_Source/charmGIT_mpi_smp/mpi-crayshasta-smp/CMakeFiles/CMakeTmp/CheckIncludeFile.c:1:10: fatal error: 'libudev.h' file not found
#include <libudev.h>
         ^~~~~~~~~~~
1 error generated.
gmake[1]: *** [CMakeFiles/cmTC_9c98c.dir/build.make:83: CMakeFiles/cmTC_9c98c.dir/CheckIncludeFile.c.o] Error 1
gmake[1]: Leaving directory '/cray/css/users/smehta/NAMD_CPU_bundle/NAMD_Git-2022-07-21_Source/charmGIT_mpi_smp/mpi-crayshasta-smp/CMakeFiles/CMakeTmp'
gmake: *** [Makefile:138: cmTC_9c98c/fast] Error 2



Determining if the include file pthread_np.h exists failed with the following output:
Change Dir: /cray/css/users/smehta/NAMD_CPU_bundle/NAMD_Git-2022-07-21_Source/charmGIT_mpi_smp/mpi-crayshasta-smp/CMakeFiles/CMakeTmp

Run Build Command(s):/usr/bin/gmake cmTC_1474c/fast && /usr/bin/gmake -f CMakeFiles/cmTC_1474c.dir/build.make CMakeFiles/cmTC_1474c.dir/build
gmake[1]: Entering directory '/cray/css/users/smehta/NAMD_CPU_bundle/NAMD_Git-2022-07-21_Source/charmGIT_mpi_smp/mpi-crayshasta-smp/CMakeFiles/CMakeTmp'
Building C object CMakeFiles/cmTC_1474c.dir/CheckIncludeFile.c.o
/opt/cray/pe/craype/2.7.19.2/bin/cc -D_GNU_SOURCE  -O3 -DNDEBUG   -o CMakeFiles/cmTC_1474c.dir/CheckIncludeFile.c.o   -c /cray/css/users/smehta/NAMD_CPU_bundle/NAMD_Git-2022-07-21_Source/charmGIT_mpi_smp/mpi-crayshasta-smp/CMakeFiles/CMakeTmp/CheckIncludeFile.c
/cray/css/users/smehta/NAMD_CPU_bundle/NAMD_Git-2022-07-21_Source/charmGIT_mpi_smp/mpi-crayshasta-smp/CMakeFiles/CMakeTmp/CheckIncludeFile.c:1:10: fatal error: 'pthread_np.h' file not found
#include <pthread_np.h>
         ^~~~~~~~~~~~~~
1 error generated.
gmake[1]: *** [CMakeFiles/cmTC_1474c.dir/build.make:83: CMakeFiles/cmTC_1474c.dir/CheckIncludeFile.c.o] Error 1
gmake[1]: Leaving directory '/cray/css/users/smehta/NAMD_CPU_bundle/NAMD_Git-2022-07-21_Source/charmGIT_mpi_smp/mpi-crayshasta-smp/CMakeFiles/CMakeTmp'
gmake: *** [Makefile:138: cmTC_1474c/fast] Error 2



Determining if the include file sys/lgrp_user.h exists failed with the following output:
Change Dir: /cray/css/users/smehta/NAMD_CPU_bundle/NAMD_Git-2022-07-21_Source/charmGIT_mpi_smp/mpi-crayshasta-smp/CMakeFiles/CMakeTmp

Run Build Command(s):/usr/bin/gmake cmTC_1be4c/fast && /usr/bin/gmake -f CMakeFiles/cmTC_1be4c.dir/build.make CMakeFiles/cmTC_1be4c.dir/build
gmake[1]: Entering directory '/cray/css/users/smehta/NAMD_CPU_bundle/NAMD_Git-2022-07-21_Source/charmGIT_mpi_smp/mpi-crayshasta-smp/CMakeFiles/CMakeTmp'
Building C object CMakeFiles/cmTC_1be4c.dir/CheckIncludeFile.c.o
/opt/cray/pe/craype/2.7.19.2/bin/cc -D_GNU_SOURCE  -O3 -DNDEBUG   -o CMakeFiles/cmTC_1be4c.dir/CheckIncludeFile.c.o   -c /cray/css/users/smehta/NAMD_CPU_bundle/NAMD_Git-2022-07-21_Source/charmGIT_mpi_smp/mpi-crayshasta-smp/CMakeFiles/CMakeTmp/CheckIncludeFile.c
/cray/css/users/smehta/NAMD_CPU_bundle/NAMD_Git-2022-07-21_Source/charmGIT_mpi_smp/mpi-crayshasta-smp/CMakeFiles/CMakeTmp/CheckIncludeFile.c:1:10: fatal error: 'sys/lgrp_user.h' file not found
#include <sys/lgrp_user.h>
         ^~~~~~~~~~~~~~~~~
1 error generated.
gmake[1]: *** [CMakeFiles/cmTC_1be4c.dir/build.make:83: CMakeFiles/cmTC_1be4c.dir/CheckIncludeFile.c.o] Error 1
gmake[1]: Leaving directory '/cray/css/users/smehta/NAMD_CPU_bundle/NAMD_Git-2022-07-21_Source/charmGIT_mpi_smp/mpi-crayshasta-smp/CMakeFiles/CMakeTmp'
gmake: *** [Makefile:138: cmTC_1be4c/fast] Error 2



Determining if the include file sys/cpuset.h exists failed with the following output:
Change Dir: /cray/css/users/smehta/NAMD_CPU_bundle/NAMD_Git-2022-07-21_Source/charmGIT_mpi_smp/mpi-crayshasta-smp/CMakeFiles/CMakeTmp

Run Build Command(s):/usr/bin/gmake cmTC_cd014/fast && /usr/bin/gmake -f CMakeFiles/cmTC_cd014.dir/build.make CMakeFiles/cmTC_cd014.dir/build
gmake[1]: Entering directory '/cray/css/users/smehta/NAMD_CPU_bundle/NAMD_Git-2022-07-21_Source/charmGIT_mpi_smp/mpi-crayshasta-smp/CMakeFiles/CMakeTmp'
Building C object CMakeFiles/cmTC_cd014.dir/CheckIncludeFile.c.o
/opt/cray/pe/craype/2.7.19.2/bin/cc -D_GNU_SOURCE  -O3 -DNDEBUG   -o CMakeFiles/cmTC_cd014.dir/CheckIncludeFile.c.o   -c /cray/css/users/smehta/NAMD_CPU_bundle/NAMD_Git-2022-07-21_Source/charmGIT_mpi_smp/mpi-crayshasta-smp/CMakeFiles/CMakeTmp/CheckIncludeFile.c
/cray/css/users/smehta/NAMD_CPU_bundle/NAMD_Git-2022-07-21_Source/charmGIT_mpi_smp/mpi-crayshasta-smp/CMakeFiles/CMakeTmp/CheckIncludeFile.c:1:10: fatal error: 'sys/cpuset.h' file not found
#include <sys/cpuset.h>
         ^~~~~~~~~~~~~~
1 error generated.
gmake[1]: *** [CMakeFiles/cmTC_cd014.dir/build.make:83: CMakeFiles/cmTC_cd014.dir/CheckIncludeFile.c.o] Error 1
gmake[1]: Leaving directory '/cray/css/users/smehta/NAMD_CPU_bundle/NAMD_Git-2022-07-21_Source/charmGIT_mpi_smp/mpi-crayshasta-smp/CMakeFiles/CMakeTmp'
gmake: *** [Makefile:138: cmTC_cd014/fast] Error 2



Determining if the include file valgrind/valgrind.h exists failed with the following output:
Change Dir: /cray/css/users/smehta/NAMD_CPU_bundle/NAMD_Git-2022-07-21_Source/charmGIT_mpi_smp/mpi-crayshasta-smp/CMakeFiles/CMakeTmp

Run Build Command(s):/usr/bin/gmake cmTC_b58cb/fast && /usr/bin/gmake -f CMakeFiles/cmTC_b58cb.dir/build.make CMakeFiles/cmTC_b58cb.dir/build
gmake[1]: Entering directory '/cray/css/users/smehta/NAMD_CPU_bundle/NAMD_Git-2022-07-21_Source/charmGIT_mpi_smp/mpi-crayshasta-smp/CMakeFiles/CMakeTmp'
Building C object CMakeFiles/cmTC_b58cb.dir/CheckIncludeFile.c.o
/opt/cray/pe/craype/2.7.19.2/bin/cc -D_GNU_SOURCE  -O3 -DNDEBUG   -o CMakeFiles/cmTC_b58cb.dir/CheckIncludeFile.c.o   -c /cray/css/users/smehta/NAMD_CPU_bundle/NAMD_Git-2022-07-21_Source/charmGIT_mpi_smp/mpi-crayshasta-smp/CMakeFiles/CMakeTmp/CheckIncludeFile.c
/cray/css/users/smehta/NAMD_CPU_bundle/NAMD_Git-2022-07-21_Source/charmGIT_mpi_smp/mpi-crayshasta-smp/CMakeFiles/CMakeTmp/CheckIncludeFile.c:1:10: fatal error: 'valgrind/valgrind.h' file not found
#include <valgrind/valgrind.h>
         ^~~~~~~~~~~~~~~~~~~~~
1 error generated.
gmake[1]: *** [CMakeFiles/cmTC_b58cb.dir/build.make:83: CMakeFiles/cmTC_b58cb.dir/CheckIncludeFile.c.o] Error 1
gmake[1]: Leaving directory '/cray/css/users/smehta/NAMD_CPU_bundle/NAMD_Git-2022-07-21_Source/charmGIT_mpi_smp/mpi-crayshasta-smp/CMakeFiles/CMakeTmp'
gmake: *** [Makefile:138: cmTC_b58cb/fast] Error 2



Determining if the include file Multiprocessing.h exists failed with the following output:
Change Dir: /cray/css/users/smehta/NAMD_CPU_bundle/NAMD_Git-2022-07-21_Source/charmGIT_mpi_smp/mpi-crayshasta-smp/CMakeFiles/CMakeTmp

Run Build Command(s):/usr/bin/gmake cmTC_d6522/fast && /usr/bin/gmake -f CMakeFiles/cmTC_d6522.dir/build.make CMakeFiles/cmTC_d6522.dir/build
gmake[1]: Entering directory '/cray/css/users/smehta/NAMD_CPU_bundle/NAMD_Git-2022-07-21_Source/charmGIT_mpi_smp/mpi-crayshasta-smp/CMakeFiles/CMakeTmp'
Building C object CMakeFiles/cmTC_d6522.dir/CheckIncludeFile.c.o
/opt/cray/pe/craype/2.7.19.2/bin/cc -D_GNU_SOURCE  -O3 -DNDEBUG   -o CMakeFiles/cmTC_d6522.dir/CheckIncludeFile.c.o   -c /cray/css/users/smehta/NAMD_CPU_bundle/NAMD_Git-2022-07-21_Source/charmGIT_mpi_smp/mpi-crayshasta-smp/CMakeFiles/CMakeTmp/CheckIncludeFile.c
/cray/css/users/smehta/NAMD_CPU_bundle/NAMD_Git-2022-07-21_Source/charmGIT_mpi_smp/mpi-crayshasta-smp/CMakeFiles/CMakeTmp/CheckIncludeFile.c:1:10: fatal error: 'Multiprocessing.h' file not found
#include <Multiprocessing.h>
         ^~~~~~~~~~~~~~~~~~~
1 error generated.
gmake[1]: *** [CMakeFiles/cmTC_d6522.dir/build.make:83: CMakeFiles/cmTC_d6522.dir/CheckIncludeFile.c.o] Error 1
gmake[1]: Leaving directory '/cray/css/users/smehta/NAMD_CPU_bundle/NAMD_Git-2022-07-21_Source/charmGIT_mpi_smp/mpi-crayshasta-smp/CMakeFiles/CMakeTmp'
gmake: *** [Makefile:138: cmTC_d6522/fast] Error 2



Determining if the function _putenv exists failed with the following output:
Change Dir: /cray/css/users/smehta/NAMD_CPU_bundle/NAMD_Git-2022-07-21_Source/charmGIT_mpi_smp/mpi-crayshasta-smp/CMakeFiles/CMakeTmp

Run Build Command(s):/usr/bin/gmake cmTC_baf19/fast && /usr/bin/gmake -f CMakeFiles/cmTC_baf19.dir/build.make CMakeFiles/cmTC_baf19.dir/build
gmake[1]: Entering directory '/cray/css/users/smehta/NAMD_CPU_bundle/NAMD_Git-2022-07-21_Source/charmGIT_mpi_smp/mpi-crayshasta-smp/CMakeFiles/CMakeTmp'
Building C object CMakeFiles/cmTC_baf19.dir/CheckFunctionExists.c.o
/opt/cray/pe/craype/2.7.19.2/bin/cc -D_GNU_SOURCE  -DCHECK_FUNCTION_EXISTS=_putenv -O3 -DNDEBUG   -o CMakeFiles/cmTC_baf19.dir/CheckFunctionExists.c.o   -c /usr/share/cmake/Modules/CheckFunctionExists.c
Linking C executable cmTC_baf19
/usr/bin/cmake -E cmake_link_script CMakeFiles/cmTC_baf19.dir/link.txt --verbose=1
/opt/cray/pe/craype/2.7.19.2/bin/cc  -DCHECK_FUNCTION_EXISTS=_putenv -O3 -DNDEBUG    CMakeFiles/cmTC_baf19.dir/CheckFunctionExists.c.o  -o cmTC_baf19  -lm -ldl -pthread 
ld.lld: error: undefined symbol: _putenv
>>> referenced by CheckFunctionExists.c
>>>               CMakeFiles/cmTC_baf19.dir/CheckFunctionExists.c.o:(main)
>>> did you mean: putenv
>>> defined in: /lib64/libc.so.6
clang-15: error: linker command failed with exit code 1 (use -v to see invocation)
gmake[1]: *** [CMakeFiles/cmTC_baf19.dir/build.make:104: cmTC_baf19] Error 1
gmake[1]: Leaving directory '/cray/css/users/smehta/NAMD_CPU_bundle/NAMD_Git-2022-07-21_Source/charmGIT_mpi_smp/mpi-crayshasta-smp/CMakeFiles/CMakeTmp'
gmake: *** [Makefile:138: cmTC_baf19/fast] Error 2



Determining if the function _strdup exists failed with the following output:
Change Dir: /cray/css/users/smehta/NAMD_CPU_bundle/NAMD_Git-2022-07-21_Source/charmGIT_mpi_smp/mpi-crayshasta-smp/CMakeFiles/CMakeTmp

Run Build Command(s):/usr/bin/gmake cmTC_3216e/fast && /usr/bin/gmake -f CMakeFiles/cmTC_3216e.dir/build.make CMakeFiles/cmTC_3216e.dir/build
gmake[1]: Entering directory '/cray/css/users/smehta/NAMD_CPU_bundle/NAMD_Git-2022-07-21_Source/charmGIT_mpi_smp/mpi-crayshasta-smp/CMakeFiles/CMakeTmp'
Building C object CMakeFiles/cmTC_3216e.dir/CheckFunctionExists.c.o
/opt/cray/pe/craype/2.7.19.2/bin/cc -D_GNU_SOURCE  -DCHECK_FUNCTION_EXISTS=_strdup -O3 -DNDEBUG   -o CMakeFiles/cmTC_3216e.dir/CheckFunctionExists.c.o   -c /usr/share/cmake/Modules/CheckFunctionExists.c
Linking C executable cmTC_3216e
/usr/bin/cmake -E cmake_link_script CMakeFiles/cmTC_3216e.dir/link.txt --verbose=1
/opt/cray/pe/craype/2.7.19.2/bin/cc  -DCHECK_FUNCTION_EXISTS=_strdup -O3 -DNDEBUG    CMakeFiles/cmTC_3216e.dir/CheckFunctionExists.c.o  -o cmTC_3216e  -lm -ldl -pthread 
ld.lld: error: undefined symbol: _strdup
>>> referenced by CheckFunctionExists.c
>>>               CMakeFiles/cmTC_3216e.dir/CheckFunctionExists.c.o:(main)
>>> did you mean: __strdup
>>> defined in: /lib64/libc.so.6
clang-15: error: linker command failed with exit code 1 (use -v to see invocation)
gmake[1]: *** [CMakeFiles/cmTC_3216e.dir/build.make:104: cmTC_3216e] Error 1
gmake[1]: Leaving directory '/cray/css/users/smehta/NAMD_CPU_bundle/NAMD_Git-2022-07-21_Source/charmGIT_mpi_smp/mpi-crayshasta-smp/CMakeFiles/CMakeTmp'
gmake: *** [Makefile:138: cmTC_3216e/fast] Error 2



Determining if the function bindprocessor exists failed with the following output:
Change Dir: /cray/css/users/smehta/NAMD_CPU_bundle/NAMD_Git-2022-07-21_Source/charmGIT_mpi_smp/mpi-crayshasta-smp/CMakeFiles/CMakeTmp

Run Build Command(s):/usr/bin/gmake cmTC_df164/fast && /usr/bin/gmake -f CMakeFiles/cmTC_df164.dir/build.make CMakeFiles/cmTC_df164.dir/build
gmake[1]: Entering directory '/cray/css/users/smehta/NAMD_CPU_bundle/NAMD_Git-2022-07-21_Source/charmGIT_mpi_smp/mpi-crayshasta-smp/CMakeFiles/CMakeTmp'
Building C object CMakeFiles/cmTC_df164.dir/CheckFunctionExists.c.o
/opt/cray/pe/craype/2.7.19.2/bin/cc -D_GNU_SOURCE  -DCHECK_FUNCTION_EXISTS=bindprocessor -O3 -DNDEBUG   -o CMakeFiles/cmTC_df164.dir/CheckFunctionExists.c.o   -c /usr/share/cmake/Modules/CheckFunctionExists.c
Linking C executable cmTC_df164
/usr/bin/cmake -E cmake_link_script CMakeFiles/cmTC_df164.dir/link.txt --verbose=1
/opt/cray/pe/craype/2.7.19.2/bin/cc  -DCHECK_FUNCTION_EXISTS=bindprocessor -O3 -DNDEBUG    CMakeFiles/cmTC_df164.dir/CheckFunctionExists.c.o  -o cmTC_df164  -lm -ldl -pthread 
ld.lld: error: undefined symbol: bindprocessor
>>> referenced by CheckFunctionExists.c
>>>               CMakeFiles/cmTC_df164.dir/CheckFunctionExists.c.o:(main)
clang-15: error: linker command failed with exit code 1 (use -v to see invocation)
gmake[1]: *** [CMakeFiles/cmTC_df164.dir/build.make:104: cmTC_df164] Error 1
gmake[1]: Leaving directory '/cray/css/users/smehta/NAMD_CPU_bundle/NAMD_Git-2022-07-21_Source/charmGIT_mpi_smp/mpi-crayshasta-smp/CMakeFiles/CMakeTmp'
gmake: *** [Makefile:138: cmTC_df164/fast] Error 2



Determining if the function cfree exists failed with the following output:
Change Dir: /cray/css/users/smehta/NAMD_CPU_bundle/NAMD_Git-2022-07-21_Source/charmGIT_mpi_smp/mpi-crayshasta-smp/CMakeFiles/CMakeTmp

Run Build Command(s):/usr/bin/gmake cmTC_86aee/fast && /usr/bin/gmake -f CMakeFiles/cmTC_86aee.dir/build.make CMakeFiles/cmTC_86aee.dir/build
gmake[1]: Entering directory '/cray/css/users/smehta/NAMD_CPU_bundle/NAMD_Git-2022-07-21_Source/charmGIT_mpi_smp/mpi-crayshasta-smp/CMakeFiles/CMakeTmp'
Building C object CMakeFiles/cmTC_86aee.dir/CheckFunctionExists.c.o
/opt/cray/pe/craype/2.7.19.2/bin/cc -D_GNU_SOURCE  -DCHECK_FUNCTION_EXISTS=cfree -O3 -DNDEBUG   -o CMakeFiles/cmTC_86aee.dir/CheckFunctionExists.c.o   -c /usr/share/cmake/Modules/CheckFunctionExists.c
Linking C executable cmTC_86aee
/usr/bin/cmake -E cmake_link_script CMakeFiles/cmTC_86aee.dir/link.txt --verbose=1
/opt/cray/pe/craype/2.7.19.2/bin/cc  -DCHECK_FUNCTION_EXISTS=cfree -O3 -DNDEBUG    CMakeFiles/cmTC_86aee.dir/CheckFunctionExists.c.o  -o cmTC_86aee  -lm -ldl -pthread 
ld.lld: error: undefined symbol: cfree
>>> referenced by CheckFunctionExists.c
>>>               CMakeFiles/cmTC_86aee.dir/CheckFunctionExists.c.o:(main)
>>> did you mean: free
>>> defined in: /lib64/libc.so.6
clang-15: error: linker command failed with exit code 1 (use -v to see invocation)
gmake[1]: *** [CMakeFiles/cmTC_86aee.dir/build.make:104: cmTC_86aee] Error 1
gmake[1]: Leaving directory '/cray/css/users/smehta/NAMD_CPU_bundle/NAMD_Git-2022-07-21_Source/charmGIT_mpi_smp/mpi-crayshasta-smp/CMakeFiles/CMakeTmp'
gmake: *** [Makefile:138: cmTC_86aee/fast] Error 2



Determining if the function clz exists failed with the following output:
Change Dir: /cray/css/users/smehta/NAMD_CPU_bundle/NAMD_Git-2022-07-21_Source/charmGIT_mpi_smp/mpi-crayshasta-smp/CMakeFiles/CMakeTmp

Run Build Command(s):/usr/bin/gmake cmTC_05043/fast && /usr/bin/gmake -f CMakeFiles/cmTC_05043.dir/build.make CMakeFiles/cmTC_05043.dir/build
gmake[1]: Entering directory '/cray/css/users/smehta/NAMD_CPU_bundle/NAMD_Git-2022-07-21_Source/charmGIT_mpi_smp/mpi-crayshasta-smp/CMakeFiles/CMakeTmp'
Building C object CMakeFiles/cmTC_05043.dir/CheckFunctionExists.c.o
/opt/cray/pe/craype/2.7.19.2/bin/cc -D_GNU_SOURCE  -DCHECK_FUNCTION_EXISTS=clz -O3 -DNDEBUG   -o CMakeFiles/cmTC_05043.dir/CheckFunctionExists.c.o   -c /usr/share/cmake/Modules/CheckFunctionExists.c
Linking C executable cmTC_05043
/usr/bin/cmake -E cmake_link_script CMakeFiles/cmTC_05043.dir/link.txt --verbose=1
/opt/cray/pe/craype/2.7.19.2/bin/cc  -DCHECK_FUNCTION_EXISTS=clz -O3 -DNDEBUG    CMakeFiles/cmTC_05043.dir/CheckFunctionExists.c.o  -o cmTC_05043  -lm -ldl -pthread 
ld.lld: error: undefined symbol: clz
>>> referenced by CheckFunctionExists.c
>>>               CMakeFiles/cmTC_05043.dir/CheckFunctionExists.c.o:(main)
clang-15: error: linker command failed with exit code 1 (use -v to see invocation)
gmake[1]: *** [CMakeFiles/cmTC_05043.dir/build.make:104: cmTC_05043] Error 1
gmake[1]: Leaving directory '/cray/css/users/smehta/NAMD_CPU_bundle/NAMD_Git-2022-07-21_Source/charmGIT_mpi_smp/mpi-crayshasta-smp/CMakeFiles/CMakeTmp'
gmake: *** [Makefile:138: cmTC_05043/fast] Error 2



Determining if the function clzl exists failed with the following output:
Change Dir: /cray/css/users/smehta/NAMD_CPU_bundle/NAMD_Git-2022-07-21_Source/charmGIT_mpi_smp/mpi-crayshasta-smp/CMakeFiles/CMakeTmp

Run Build Command(s):/usr/bin/gmake cmTC_c7bbc/fast && /usr/bin/gmake -f CMakeFiles/cmTC_c7bbc.dir/build.make CMakeFiles/cmTC_c7bbc.dir/build
gmake[1]: Entering directory '/cray/css/users/smehta/NAMD_CPU_bundle/NAMD_Git-2022-07-21_Source/charmGIT_mpi_smp/mpi-crayshasta-smp/CMakeFiles/CMakeTmp'
Building C object CMakeFiles/cmTC_c7bbc.dir/CheckFunctionExists.c.o
/opt/cray/pe/craype/2.7.19.2/bin/cc -D_GNU_SOURCE  -DCHECK_FUNCTION_EXISTS=clzl -O3 -DNDEBUG   -o CMakeFiles/cmTC_c7bbc.dir/CheckFunctionExists.c.o   -c /usr/share/cmake/Modules/CheckFunctionExists.c
Linking C executable cmTC_c7bbc
/usr/bin/cmake -E cmake_link_script CMakeFiles/cmTC_c7bbc.dir/link.txt --verbose=1
/opt/cray/pe/craype/2.7.19.2/bin/cc  -DCHECK_FUNCTION_EXISTS=clzl -O3 -DNDEBUG    CMakeFiles/cmTC_c7bbc.dir/CheckFunctionExists.c.o  -o cmTC_c7bbc  -lm -ldl -pthread 
ld.lld: error: undefined symbol: clzl
>>> referenced by CheckFunctionExists.c
>>>               CMakeFiles/cmTC_c7bbc.dir/CheckFunctionExists.c.o:(main)
clang-15: error: linker command failed with exit code 1 (use -v to see invocation)
gmake[1]: *** [CMakeFiles/cmTC_c7bbc.dir/build.make:104: cmTC_c7bbc] Error 1
gmake[1]: Leaving directory '/cray/css/users/smehta/NAMD_CPU_bundle/NAMD_Git-2022-07-21_Source/charmGIT_mpi_smp/mpi-crayshasta-smp/CMakeFiles/CMakeTmp'
gmake: *** [Makefile:138: cmTC_c7bbc/fast] Error 2



Determining if the function fls exists failed with the following output:
Change Dir: /cray/css/users/smehta/NAMD_CPU_bundle/NAMD_Git-2022-07-21_Source/charmGIT_mpi_smp/mpi-crayshasta-smp/CMakeFiles/CMakeTmp

Run Build Command(s):/usr/bin/gmake cmTC_464e4/fast && /usr/bin/gmake -f CMakeFiles/cmTC_464e4.dir/build.make CMakeFiles/cmTC_464e4.dir/build
gmake[1]: Entering directory '/cray/css/users/smehta/NAMD_CPU_bundle/NAMD_Git-2022-07-21_Source/charmGIT_mpi_smp/mpi-crayshasta-smp/CMakeFiles/CMakeTmp'
Building C object CMakeFiles/cmTC_464e4.dir/CheckFunctionExists.c.o
/opt/cray/pe/craype/2.7.19.2/bin/cc -D_GNU_SOURCE  -DCHECK_FUNCTION_EXISTS=fls -O3 -DNDEBUG   -o CMakeFiles/cmTC_464e4.dir/CheckFunctionExists.c.o   -c /usr/share/cmake/Modules/CheckFunctionExists.c
Linking C executable cmTC_464e4
/usr/bin/cmake -E cmake_link_script CMakeFiles/cmTC_464e4.dir/link.txt --verbose=1
/opt/cray/pe/craype/2.7.19.2/bin/cc  -DCHECK_FUNCTION_EXISTS=fls -O3 -DNDEBUG    CMakeFiles/cmTC_464e4.dir/CheckFunctionExists.c.o  -o cmTC_464e4  -lm -ldl -pthread 
ld.lld: error: undefined symbol: fls
>>> referenced by CheckFunctionExists.c
>>>               CMakeFiles/cmTC_464e4.dir/CheckFunctionExists.c.o:(main)
>>> did you mean: ffs
>>> defined in: /lib64/libc.so.6
clang-15: error: linker command failed with exit code 1 (use -v to see invocation)
gmake[1]: *** [CMakeFiles/cmTC_464e4.dir/build.make:104: cmTC_464e4] Error 1
gmake[1]: Leaving directory '/cray/css/users/smehta/NAMD_CPU_bundle/NAMD_Git-2022-07-21_Source/charmGIT_mpi_smp/mpi-crayshasta-smp/CMakeFiles/CMakeTmp'
gmake: *** [Makefile:138: cmTC_464e4/fast] Error 2



Determining if the function flsl exists failed with the following output:
Change Dir: /cray/css/users/smehta/NAMD_CPU_bundle/NAMD_Git-2022-07-21_Source/charmGIT_mpi_smp/mpi-crayshasta-smp/CMakeFiles/CMakeTmp

Run Build Command(s):/usr/bin/gmake cmTC_d2a70/fast && /usr/bin/gmake -f CMakeFiles/cmTC_d2a70.dir/build.make CMakeFiles/cmTC_d2a70.dir/build
gmake[1]: Entering directory '/cray/css/users/smehta/NAMD_CPU_bundle/NAMD_Git-2022-07-21_Source/charmGIT_mpi_smp/mpi-crayshasta-smp/CMakeFiles/CMakeTmp'
Building C object CMakeFiles/cmTC_d2a70.dir/CheckFunctionExists.c.o
/opt/cray/pe/craype/2.7.19.2/bin/cc -D_GNU_SOURCE  -DCHECK_FUNCTION_EXISTS=flsl -O3 -DNDEBUG   -o CMakeFiles/cmTC_d2a70.dir/CheckFunctionExists.c.o   -c /usr/share/cmake/Modules/CheckFunctionExists.c
Linking C executable cmTC_d2a70
/usr/bin/cmake -E cmake_link_script CMakeFiles/cmTC_d2a70.dir/link.txt --verbose=1
/opt/cray/pe/craype/2.7.19.2/bin/cc  -DCHECK_FUNCTION_EXISTS=flsl -O3 -DNDEBUG    CMakeFiles/cmTC_d2a70.dir/CheckFunctionExists.c.o  -o cmTC_d2a70  -lm -ldl -pthread 
ld.lld: error: undefined symbol: flsl
>>> referenced by CheckFunctionExists.c
>>>               CMakeFiles/cmTC_d2a70.dir/CheckFunctionExists.c.o:(main)
>>> did you mean: ffsl
>>> defined in: /lib64/libc.so.6
clang-15: error: linker command failed with exit code 1 (use -v to see invocation)
gmake[1]: *** [CMakeFiles/cmTC_d2a70.dir/build.make:104: cmTC_d2a70] Error 1
gmake[1]: Leaving directory '/cray/css/users/smehta/NAMD_CPU_bundle/NAMD_Git-2022-07-21_Source/charmGIT_mpi_smp/mpi-crayshasta-smp/CMakeFiles/CMakeTmp'
gmake: *** [Makefile:138: cmTC_d2a70/fast] Error 2



Determining if the function getexecname exists failed with the following output:
Change Dir: /cray/css/users/smehta/NAMD_CPU_bundle/NAMD_Git-2022-07-21_Source/charmGIT_mpi_smp/mpi-crayshasta-smp/CMakeFiles/CMakeTmp

Run Build Command(s):/usr/bin/gmake cmTC_39fad/fast && /usr/bin/gmake -f CMakeFiles/cmTC_39fad.dir/build.make CMakeFiles/cmTC_39fad.dir/build
gmake[1]: Entering directory '/cray/css/users/smehta/NAMD_CPU_bundle/NAMD_Git-2022-07-21_Source/charmGIT_mpi_smp/mpi-crayshasta-smp/CMakeFiles/CMakeTmp'
Building C object CMakeFiles/cmTC_39fad.dir/CheckFunctionExists.c.o
/opt/cray/pe/craype/2.7.19.2/bin/cc -D_GNU_SOURCE  -DCHECK_FUNCTION_EXISTS=getexecname -O3 -DNDEBUG   -o CMakeFiles/cmTC_39fad.dir/CheckFunctionExists.c.o   -c /usr/share/cmake/Modules/CheckFunctionExists.c
Linking C executable cmTC_39fad
/usr/bin/cmake -E cmake_link_script CMakeFiles/cmTC_39fad.dir/link.txt --verbose=1
/opt/cray/pe/craype/2.7.19.2/bin/cc  -DCHECK_FUNCTION_EXISTS=getexecname -O3 -DNDEBUG    CMakeFiles/cmTC_39fad.dir/CheckFunctionExists.c.o  -o cmTC_39fad  -lm -ldl -pthread 
ld.lld: error: undefined symbol: getexecname
>>> referenced by CheckFunctionExists.c
>>>               CMakeFiles/cmTC_39fad.dir/CheckFunctionExists.c.o:(main)
clang-15: error: linker command failed with exit code 1 (use -v to see invocation)
gmake[1]: *** [CMakeFiles/cmTC_39fad.dir/build.make:104: cmTC_39fad] Error 1
gmake[1]: Leaving directory '/cray/css/users/smehta/NAMD_CPU_bundle/NAMD_Git-2022-07-21_Source/charmGIT_mpi_smp/mpi-crayshasta-smp/CMakeFiles/CMakeTmp'
gmake: *** [Makefile:138: cmTC_39fad/fast] Error 2



Determining if the function getprogname exists failed with the following output:
Change Dir: /cray/css/users/smehta/NAMD_CPU_bundle/NAMD_Git-2022-07-21_Source/charmGIT_mpi_smp/mpi-crayshasta-smp/CMakeFiles/CMakeTmp

Run Build Command(s):/usr/bin/gmake cmTC_5cf3a/fast && /usr/bin/gmake -f CMakeFiles/cmTC_5cf3a.dir/build.make CMakeFiles/cmTC_5cf3a.dir/build
gmake[1]: Entering directory '/cray/css/users/smehta/NAMD_CPU_bundle/NAMD_Git-2022-07-21_Source/charmGIT_mpi_smp/mpi-crayshasta-smp/CMakeFiles/CMakeTmp'
Building C object CMakeFiles/cmTC_5cf3a.dir/CheckFunctionExists.c.o
/opt/cray/pe/craype/2.7.19.2/bin/cc -D_GNU_SOURCE  -DCHECK_FUNCTION_EXISTS=getprogname -O3 -DNDEBUG   -o CMakeFiles/cmTC_5cf3a.dir/CheckFunctionExists.c.o   -c /usr/share/cmake/Modules/CheckFunctionExists.c
Linking C executable cmTC_5cf3a
/usr/bin/cmake -E cmake_link_script CMakeFiles/cmTC_5cf3a.dir/link.txt --verbose=1
/opt/cray/pe/craype/2.7.19.2/bin/cc  -DCHECK_FUNCTION_EXISTS=getprogname -O3 -DNDEBUG    CMakeFiles/cmTC_5cf3a.dir/CheckFunctionExists.c.o  -o cmTC_5cf3a  -lm -ldl -pthread 
ld.lld: error: undefined symbol: getprogname
>>> referenced by CheckFunctionExists.c
>>>               CMakeFiles/cmTC_5cf3a.dir/CheckFunctionExists.c.o:(main)
clang-15: error: linker command failed with exit code 1 (use -v to see invocation)
gmake[1]: *** [CMakeFiles/cmTC_5cf3a.dir/build.make:104: cmTC_5cf3a] Error 1
gmake[1]: Leaving directory '/cray/css/users/smehta/NAMD_CPU_bundle/NAMD_Git-2022-07-21_Source/charmGIT_mpi_smp/mpi-crayshasta-smp/CMakeFiles/CMakeTmp'
gmake: *** [Makefile:138: cmTC_5cf3a/fast] Error 2



Determining if the function host_info exists failed with the following output:
Change Dir: /cray/css/users/smehta/NAMD_CPU_bundle/NAMD_Git-2022-07-21_Source/charmGIT_mpi_smp/mpi-crayshasta-smp/CMakeFiles/CMakeTmp

Run Build Command(s):/usr/bin/gmake cmTC_6403d/fast && /usr/bin/gmake -f CMakeFiles/cmTC_6403d.dir/build.make CMakeFiles/cmTC_6403d.dir/build
gmake[1]: Entering directory '/cray/css/users/smehta/NAMD_CPU_bundle/NAMD_Git-2022-07-21_Source/charmGIT_mpi_smp/mpi-crayshasta-smp/CMakeFiles/CMakeTmp'
Building C object CMakeFiles/cmTC_6403d.dir/CheckFunctionExists.c.o
/opt/cray/pe/craype/2.7.19.2/bin/cc -D_GNU_SOURCE  -DCHECK_FUNCTION_EXISTS=host_info -O3 -DNDEBUG   -o CMakeFiles/cmTC_6403d.dir/CheckFunctionExists.c.o   -c /usr/share/cmake/Modules/CheckFunctionExists.c
Linking C executable cmTC_6403d
/usr/bin/cmake -E cmake_link_script CMakeFiles/cmTC_6403d.dir/link.txt --verbose=1
/opt/cray/pe/craype/2.7.19.2/bin/cc  -DCHECK_FUNCTION_EXISTS=host_info -O3 -DNDEBUG    CMakeFiles/cmTC_6403d.dir/CheckFunctionExists.c.o  -o cmTC_6403d  -lm -ldl -pthread 
ld.lld: error: undefined symbol: host_info
>>> referenced by CheckFunctionExists.c
>>>               CMakeFiles/cmTC_6403d.dir/CheckFunctionExists.c.o:(main)
clang-15: error: linker command failed with exit code 1 (use -v to see invocation)
gmake[1]: *** [CMakeFiles/cmTC_6403d.dir/build.make:104: cmTC_6403d] Error 1
gmake[1]: Leaving directory '/cray/css/users/smehta/NAMD_CPU_bundle/NAMD_Git-2022-07-21_Source/charmGIT_mpi_smp/mpi-crayshasta-smp/CMakeFiles/CMakeTmp'
gmake: *** [Makefile:138: cmTC_6403d/fast] Error 2



Determining if the function mstats exists failed with the following output:
Change Dir: /cray/css/users/smehta/NAMD_CPU_bundle/NAMD_Git-2022-07-21_Source/charmGIT_mpi_smp/mpi-crayshasta-smp/CMakeFiles/CMakeTmp

Run Build Command(s):/usr/bin/gmake cmTC_48d10/fast && /usr/bin/gmake -f CMakeFiles/cmTC_48d10.dir/build.make CMakeFiles/cmTC_48d10.dir/build
gmake[1]: Entering directory '/cray/css/users/smehta/NAMD_CPU_bundle/NAMD_Git-2022-07-21_Source/charmGIT_mpi_smp/mpi-crayshasta-smp/CMakeFiles/CMakeTmp'
Building C object CMakeFiles/cmTC_48d10.dir/CheckFunctionExists.c.o
/opt/cray/pe/craype/2.7.19.2/bin/cc -D_GNU_SOURCE  -DCHECK_FUNCTION_EXISTS=mstats -O3 -DNDEBUG   -o CMakeFiles/cmTC_48d10.dir/CheckFunctionExists.c.o   -c /usr/share/cmake/Modules/CheckFunctionExists.c
Linking C executable cmTC_48d10
/usr/bin/cmake -E cmake_link_script CMakeFiles/cmTC_48d10.dir/link.txt --verbose=1
/opt/cray/pe/craype/2.7.19.2/bin/cc  -DCHECK_FUNCTION_EXISTS=mstats -O3 -DNDEBUG    CMakeFiles/cmTC_48d10.dir/CheckFunctionExists.c.o  -o cmTC_48d10  -lm -ldl -pthread 
ld.lld: error: undefined symbol: mstats
>>> referenced by CheckFunctionExists.c
>>>               CMakeFiles/cmTC_48d10.dir/CheckFunctionExists.c.o:(main)
clang-15: error: linker command failed with exit code 1 (use -v to see invocation)
gmake[1]: *** [CMakeFiles/cmTC_48d10.dir/build.make:104: cmTC_48d10] Error 1
gmake[1]: Leaving directory '/cray/css/users/smehta/NAMD_CPU_bundle/NAMD_Git-2022-07-21_Source/charmGIT_mpi_smp/mpi-crayshasta-smp/CMakeFiles/CMakeTmp'
gmake: *** [Makefile:138: cmTC_48d10/fast] Error 2



Determining if the function sysctlbyname exists failed with the following output:
Change Dir: /cray/css/users/smehta/NAMD_CPU_bundle/NAMD_Git-2022-07-21_Source/charmGIT_mpi_smp/mpi-crayshasta-smp/CMakeFiles/CMakeTmp

Run Build Command(s):/usr/bin/gmake cmTC_89624/fast && /usr/bin/gmake -f CMakeFiles/cmTC_89624.dir/build.make CMakeFiles/cmTC_89624.dir/build
gmake[1]: Entering directory '/cray/css/users/smehta/NAMD_CPU_bundle/NAMD_Git-2022-07-21_Source/charmGIT_mpi_smp/mpi-crayshasta-smp/CMakeFiles/CMakeTmp'
Building C object CMakeFiles/cmTC_89624.dir/CheckFunctionExists.c.o
/opt/cray/pe/craype/2.7.19.2/bin/cc -D_GNU_SOURCE  -DCHECK_FUNCTION_EXISTS=sysctlbyname -O3 -DNDEBUG   -o CMakeFiles/cmTC_89624.dir/CheckFunctionExists.c.o   -c /usr/share/cmake/Modules/CheckFunctionExists.c
Linking C executable cmTC_89624
/usr/bin/cmake -E cmake_link_script CMakeFiles/cmTC_89624.dir/link.txt --verbose=1
/opt/cray/pe/craype/2.7.19.2/bin/cc  -DCHECK_FUNCTION_EXISTS=sysctlbyname -O3 -DNDEBUG    CMakeFiles/cmTC_89624.dir/CheckFunctionExists.c.o  -o cmTC_89624  -lm -ldl -pthread 
ld.lld: error: undefined symbol: sysctlbyname
>>> referenced by CheckFunctionExists.c
>>>               CMakeFiles/cmTC_89624.dir/CheckFunctionExists.c.o:(main)
clang-15: error: linker command failed with exit code 1 (use -v to see invocation)
gmake[1]: *** [CMakeFiles/cmTC_89624.dir/build.make:104: cmTC_89624] Error 1
gmake[1]: Leaving directory '/cray/css/users/smehta/NAMD_CPU_bundle/NAMD_Git-2022-07-21_Source/charmGIT_mpi_smp/mpi-crayshasta-smp/CMakeFiles/CMakeTmp'
gmake: *** [Makefile:138: cmTC_89624/fast] Error 2



Performing C SOURCE FILE Test CMK_HAS_LUSTREFS failed with the following output:
Change Dir: /cray/css/users/smehta/NAMD_CPU_bundle/NAMD_Git-2022-07-21_Source/charmGIT_mpi_smp/mpi-crayshasta-smp/CMakeFiles/CMakeTmp

Run Build Command(s):/usr/bin/gmake cmTC_c9a2b/fast && /usr/bin/gmake -f CMakeFiles/cmTC_c9a2b.dir/build.make CMakeFiles/cmTC_c9a2b.dir/build
gmake[1]: Entering directory '/cray/css/users/smehta/NAMD_CPU_bundle/NAMD_Git-2022-07-21_Source/charmGIT_mpi_smp/mpi-crayshasta-smp/CMakeFiles/CMakeTmp'
Building C object CMakeFiles/cmTC_c9a2b.dir/src.c.o
/opt/cray/pe/craype/2.7.19.2/bin/cc -D_GNU_SOURCE  -DCMK_HAS_LUSTREFS -O3 -DNDEBUG   -o CMakeFiles/cmTC_c9a2b.dir/src.c.o   -c /cray/css/users/smehta/NAMD_CPU_bundle/NAMD_Git-2022-07-21_Source/charmGIT_mpi_smp/mpi-crayshasta-smp/CMakeFiles/CMakeTmp/src.c
Linking C executable cmTC_c9a2b
/usr/bin/cmake -E cmake_link_script CMakeFiles/cmTC_c9a2b.dir/link.txt --verbose=1
/opt/cray/pe/craype/2.7.19.2/bin/cc  -DCMK_HAS_LUSTREFS -O3 -DNDEBUG    CMakeFiles/cmTC_c9a2b.dir/src.c.o  -o cmTC_c9a2b  -lm -ldl -pthread 
ld.lld: error: undefined symbol: llapi_printf
>>> referenced by src.c
>>>               CMakeFiles/cmTC_c9a2b.dir/src.c.o:(main)
clang-15: error: linker command failed with exit code 1 (use -v to see invocation)
gmake[1]: *** [CMakeFiles/cmTC_c9a2b.dir/build.make:104: cmTC_c9a2b] Error 1
gmake[1]: Leaving directory '/cray/css/users/smehta/NAMD_CPU_bundle/NAMD_Git-2022-07-21_Source/charmGIT_mpi_smp/mpi-crayshasta-smp/CMakeFiles/CMakeTmp'
gmake: *** [Makefile:138: cmTC_c9a2b/fast] Error 2


Source file was:

#include <stdio.h>
#include <lustre/lustreapi.h>
#include <lustre/lustre_user.h>

int main() {
  llapi_printf(LLAPI_MSG_NORMAL, "Lustre FS is available");
  return 0;
}

Performing C SOURCE FILE Test CMK_PPC_ASM failed with the following output:
Change Dir: /cray/css/users/smehta/NAMD_CPU_bundle/NAMD_Git-2022-07-21_Source/charmGIT_mpi_smp/mpi-crayshasta-smp/CMakeFiles/CMakeTmp

Run Build Command(s):/usr/bin/gmake cmTC_09b54/fast && /usr/bin/gmake -f CMakeFiles/cmTC_09b54.dir/build.make CMakeFiles/cmTC_09b54.dir/build
gmake[1]: Entering directory '/cray/css/users/smehta/NAMD_CPU_bundle/NAMD_Git-2022-07-21_Source/charmGIT_mpi_smp/mpi-crayshasta-smp/CMakeFiles/CMakeTmp'
Building C object CMakeFiles/cmTC_09b54.dir/src.c.o
/opt/cray/pe/craype/2.7.19.2/bin/cc -D_GNU_SOURCE  -DCMK_PPC_ASM -O3 -DNDEBUG   -o CMakeFiles/cmTC_09b54.dir/src.c.o   -c /cray/css/users/smehta/NAMD_CPU_bundle/NAMD_Git-2022-07-21_Source/charmGIT_mpi_smp/mpi-crayshasta-smp/CMakeFiles/CMakeTmp/src.c
/cray/css/users/smehta/NAMD_CPU_bundle/NAMD_Git-2022-07-21_Source/charmGIT_mpi_smp/mpi-crayshasta-smp/CMakeFiles/CMakeTmp/src.c:4:16: error: invalid instruction mnemonic 'eieio'
  asm volatile("eieio" ::: "memory");
               ^
<inline asm>:1:2: note: instantiated into assembly here
        eieio
        ^~~~~
1 error generated.
gmake[1]: *** [CMakeFiles/cmTC_09b54.dir/build.make:83: CMakeFiles/cmTC_09b54.dir/src.c.o] Error 1
gmake[1]: Leaving directory '/cray/css/users/smehta/NAMD_CPU_bundle/NAMD_Git-2022-07-21_Source/charmGIT_mpi_smp/mpi-crayshasta-smp/CMakeFiles/CMakeTmp'
gmake: *** [Makefile:138: cmTC_09b54/fast] Error 2


Source file was:

int main()
{
  asm volatile("eieio" ::: "memory");
}

Performing C SOURCE FILE Test CMK_HAS_COUNTER_PAPI failed with the following output:
Change Dir: /cray/css/users/smehta/NAMD_CPU_bundle/NAMD_Git-2022-07-21_Source/charmGIT_mpi_smp/mpi-crayshasta-smp/CMakeFiles/CMakeTmp

Run Build Command(s):/usr/bin/gmake cmTC_725be/fast && /usr/bin/gmake -f CMakeFiles/cmTC_725be.dir/build.make CMakeFiles/cmTC_725be.dir/build
gmake[1]: Entering directory '/cray/css/users/smehta/NAMD_CPU_bundle/NAMD_Git-2022-07-21_Source/charmGIT_mpi_smp/mpi-crayshasta-smp/CMakeFiles/CMakeTmp'
Building C object CMakeFiles/cmTC_725be.dir/src.c.o
/opt/cray/pe/craype/2.7.19.2/bin/cc -D_GNU_SOURCE  -DCMK_HAS_COUNTER_PAPI -O3 -DNDEBUG   -o CMakeFiles/cmTC_725be.dir/src.c.o   -c /cray/css/users/smehta/NAMD_CPU_bundle/NAMD_Git-2022-07-21_Source/charmGIT_mpi_smp/mpi-crayshasta-smp/CMakeFiles/CMakeTmp/src.c
/cray/css/users/smehta/NAMD_CPU_bundle/NAMD_Git-2022-07-21_Source/charmGIT_mpi_smp/mpi-crayshasta-smp/CMakeFiles/CMakeTmp/src.c:3:10: fatal error: 'papi.h' file not found
#include <papi.h>
         ^~~~~~~~
1 error generated.
gmake[1]: *** [CMakeFiles/cmTC_725be.dir/build.make:83: CMakeFiles/cmTC_725be.dir/src.c.o] Error 1
gmake[1]: Leaving directory '/cray/css/users/smehta/NAMD_CPU_bundle/NAMD_Git-2022-07-21_Source/charmGIT_mpi_smp/mpi-crayshasta-smp/CMakeFiles/CMakeTmp'
gmake: *** [Makefile:138: cmTC_725be/fast] Error 2


Source file was:

#include <stdio.h>
#include <papi.h>
int main() {
    if (PAPI_library_init(PAPI_VER_CURRENT) != PAPI_VER_CURRENT) return 1;
    return 0;
}

Performing C SOURCE FILE Test CMK_HAS_NUMACTRL failed with the following output:
Change Dir: /cray/css/users/smehta/NAMD_CPU_bundle/NAMD_Git-2022-07-21_Source/charmGIT_mpi_smp/mpi-crayshasta-smp/CMakeFiles/CMakeTmp

Run Build Command(s):/usr/bin/gmake cmTC_60c5b/fast && /usr/bin/gmake -f CMakeFiles/cmTC_60c5b.dir/build.make CMakeFiles/cmTC_60c5b.dir/build
gmake[1]: Entering directory '/cray/css/users/smehta/NAMD_CPU_bundle/NAMD_Git-2022-07-21_Source/charmGIT_mpi_smp/mpi-crayshasta-smp/CMakeFiles/CMakeTmp'
Building C object CMakeFiles/cmTC_60c5b.dir/src.c.o
/opt/cray/pe/craype/2.7.19.2/bin/cc -D_GNU_SOURCE  -DCMK_HAS_NUMACTRL -O3 -DNDEBUG   -o CMakeFiles/cmTC_60c5b.dir/src.c.o   -c /cray/css/users/smehta/NAMD_CPU_bundle/NAMD_Git-2022-07-21_Source/charmGIT_mpi_smp/mpi-crayshasta-smp/CMakeFiles/CMakeTmp/src.c
Linking C executable cmTC_60c5b
/usr/bin/cmake -E cmake_link_script CMakeFiles/cmTC_60c5b.dir/link.txt --verbose=1
/opt/cray/pe/craype/2.7.19.2/bin/cc  -DCMK_HAS_NUMACTRL -O3 -DNDEBUG    CMakeFiles/cmTC_60c5b.dir/src.c.o  -o cmTC_60c5b  -lm -ldl -pthread 
ld.lld: error: undefined symbol: get_mempolicy
>>> referenced by src.c
>>>               CMakeFiles/cmTC_60c5b.dir/src.c.o:(main)
clang-15: error: linker command failed with exit code 1 (use -v to see invocation)
gmake[1]: *** [CMakeFiles/cmTC_60c5b.dir/build.make:104: cmTC_60c5b] Error 1
gmake[1]: Leaving directory '/cray/css/users/smehta/NAMD_CPU_bundle/NAMD_Git-2022-07-21_Source/charmGIT_mpi_smp/mpi-crayshasta-smp/CMakeFiles/CMakeTmp'
gmake: *** [Makefile:138: cmTC_60c5b/fast] Error 2


Source file was:

#include <stdlib.h>
#include <stdio.h>
#include <linux/mempolicy.h>
#include <numaif.h>
#include <numa.h>

int main()
{
  if (get_mempolicy(NULL, NULL, 0, 0, 0) == 0) return 0;
  return -1;
}

Performing C SOURCE FILE Test CMK_IBV_PORT_ATTR_HAS_LINK_LAYER failed with the following output:
Change Dir: /cray/css/users/smehta/NAMD_CPU_bundle/NAMD_Git-2022-07-21_Source/charmGIT_mpi_smp/mpi-crayshasta-smp/CMakeFiles/CMakeTmp

Run Build Command(s):/usr/bin/gmake cmTC_e097e/fast && /usr/bin/gmake -f CMakeFiles/cmTC_e097e.dir/build.make CMakeFiles/cmTC_e097e.dir/build
gmake[1]: Entering directory '/cray/css/users/smehta/NAMD_CPU_bundle/NAMD_Git-2022-07-21_Source/charmGIT_mpi_smp/mpi-crayshasta-smp/CMakeFiles/CMakeTmp'
Building C object CMakeFiles/cmTC_e097e.dir/src.c.o
/opt/cray/pe/craype/2.7.19.2/bin/cc -D_GNU_SOURCE  -DCMK_IBV_PORT_ATTR_HAS_LINK_LAYER -O3 -DNDEBUG   -o CMakeFiles/cmTC_e097e.dir/src.c.o   -c /cray/css/users/smehta/NAMD_CPU_bundle/NAMD_Git-2022-07-21_Source/charmGIT_mpi_smp/mpi-crayshasta-smp/CMakeFiles/CMakeTmp/src.c
/cray/css/users/smehta/NAMD_CPU_bundle/NAMD_Git-2022-07-21_Source/charmGIT_mpi_smp/mpi-crayshasta-smp/CMakeFiles/CMakeTmp/src.c:2:10: fatal error: 'infiniband/verbs.h' file not found
#include <infiniband/verbs.h>
         ^~~~~~~~~~~~~~~~~~~~
1 error generated.
gmake[1]: *** [CMakeFiles/cmTC_e097e.dir/build.make:83: CMakeFiles/cmTC_e097e.dir/src.c.o] Error 1
gmake[1]: Leaving directory '/cray/css/users/smehta/NAMD_CPU_bundle/NAMD_Git-2022-07-21_Source/charmGIT_mpi_smp/mpi-crayshasta-smp/CMakeFiles/CMakeTmp'
gmake: *** [Makefile:138: cmTC_e097e/fast] Error 2


Source file was:

#include <infiniband/verbs.h>
void test()
{
    struct ibv_context    *context;
    int ibPort;
    struct ibv_port_attr attr;
    if (ibv_query_port(context, ibPort, &attr) != 0) return;
    if (attr.link_layer == IBV_LINK_LAYER_INFINIBAND)  return;
}

Performing C SOURCE FILE Test CMK_BALANCED_INJECTION_API failed with the following output:
Change Dir: /cray/css/users/smehta/NAMD_CPU_bundle/NAMD_Git-2022-07-21_Source/charmGIT_mpi_smp/mpi-crayshasta-smp/CMakeFiles/CMakeTmp

Run Build Command(s):/usr/bin/gmake cmTC_42f44/fast && /usr/bin/gmake -f CMakeFiles/cmTC_42f44.dir/build.make CMakeFiles/cmTC_42f44.dir/build
gmake[1]: Entering directory '/cray/css/users/smehta/NAMD_CPU_bundle/NAMD_Git-2022-07-21_Source/charmGIT_mpi_smp/mpi-crayshasta-smp/CMakeFiles/CMakeTmp'
Building C object CMakeFiles/cmTC_42f44.dir/src.c.o
/opt/cray/pe/craype/2.7.19.2/bin/cc -D_GNU_SOURCE  -DCMK_BALANCED_INJECTION_API -O3 -DNDEBUG   -o CMakeFiles/cmTC_42f44.dir/src.c.o   -c /cray/css/users/smehta/NAMD_CPU_bundle/NAMD_Git-2022-07-21_Source/charmGIT_mpi_smp/mpi-crayshasta-smp/CMakeFiles/CMakeTmp/src.c
Linking C executable cmTC_42f44
/usr/bin/cmake -E cmake_link_script CMakeFiles/cmTC_42f44.dir/link.txt --verbose=1
/opt/cray/pe/craype/2.7.19.2/bin/cc  -DCMK_BALANCED_INJECTION_API -O3 -DNDEBUG    CMakeFiles/cmTC_42f44.dir/src.c.o  -o cmTC_42f44  -lm -ldl -pthread 
ld.lld: error: undefined symbol: GNI_GetBIConfig
>>> referenced by src.c
>>>               CMakeFiles/cmTC_42f44.dir/src.c.o:(main)
clang-15: error: linker command failed with exit code 1 (use -v to see invocation)
gmake[1]: *** [CMakeFiles/cmTC_42f44.dir/build.make:104: cmTC_42f44] Error 1
gmake[1]: Leaving directory '/cray/css/users/smehta/NAMD_CPU_bundle/NAMD_Git-2022-07-21_Source/charmGIT_mpi_smp/mpi-crayshasta-smp/CMakeFiles/CMakeTmp'
gmake: *** [Makefile:138: cmTC_42f44/fast] Error 2


Source file was:

#include <stdint.h>
#include <gni_pub.h>
int main() {
    gni_bi_desc_t gni_bi_desc;
    uint32_t gni_device_id = 0;
    gni_return_t gni_rc = GNI_GetBIConfig(gni_device_id, &gni_bi_desc);
    if (gni_rc == GNI_RC_SUCCESS) {
    }
    return 0;
}

Performing C SOURCE FILE Test CMK_CONTEXT_FPU_POINTER_UCREGS failed with the following output:
Change Dir: /cray/css/users/smehta/NAMD_CPU_bundle/NAMD_Git-2022-07-21_Source/charmGIT_mpi_smp/mpi-crayshasta-smp/CMakeFiles/CMakeTmp

Run Build Command(s):/usr/bin/gmake cmTC_a8ddf/fast && /usr/bin/gmake -f CMakeFiles/cmTC_a8ddf.dir/build.make CMakeFiles/cmTC_a8ddf.dir/build
gmake[1]: Entering directory '/cray/css/users/smehta/NAMD_CPU_bundle/NAMD_Git-2022-07-21_Source/charmGIT_mpi_smp/mpi-crayshasta-smp/CMakeFiles/CMakeTmp'
Building C object CMakeFiles/cmTC_a8ddf.dir/src.c.o
/opt/cray/pe/craype/2.7.19.2/bin/cc -D_GNU_SOURCE  -DCMK_CONTEXT_FPU_POINTER_UCREGS -O3 -DNDEBUG   -o CMakeFiles/cmTC_a8ddf.dir/src.c.o   -c /cray/css/users/smehta/NAMD_CPU_bundle/NAMD_Git-2022-07-21_Source/charmGIT_mpi_smp/mpi-crayshasta-smp/CMakeFiles/CMakeTmp/src.c
/cray/css/users/smehta/NAMD_CPU_bundle/NAMD_Git-2022-07-21_Source/charmGIT_mpi_smp/mpi-crayshasta-smp/CMakeFiles/CMakeTmp/src.c:6:23: error: no member named 'uc_regs' in 'mcontext_t'
  context.uc_mcontext.uc_regs = 0;
  ~~~~~~~~~~~~~~~~~~~ ^
1 error generated.
gmake[1]: *** [CMakeFiles/cmTC_a8ddf.dir/build.make:83: CMakeFiles/cmTC_a8ddf.dir/src.c.o] Error 1
gmake[1]: Leaving directory '/cray/css/users/smehta/NAMD_CPU_bundle/NAMD_Git-2022-07-21_Source/charmGIT_mpi_smp/mpi-crayshasta-smp/CMakeFiles/CMakeTmp'
gmake: *** [Makefile:138: cmTC_a8ddf/fast] Error 2


Source file was:

#include <ucontext.h>
int main()
{
  ucontext_t context;
  context.uc_mcontext.uc_regs = 0;
}

Performing C SOURCE FILE Test CMK_CONTEXT_V_REGS failed with the following output:
Change Dir: /cray/css/users/smehta/NAMD_CPU_bundle/NAMD_Git-2022-07-21_Source/charmGIT_mpi_smp/mpi-crayshasta-smp/CMakeFiles/CMakeTmp

Run Build Command(s):/usr/bin/gmake cmTC_91326/fast && /usr/bin/gmake -f CMakeFiles/cmTC_91326.dir/build.make CMakeFiles/cmTC_91326.dir/build
gmake[1]: Entering directory '/cray/css/users/smehta/NAMD_CPU_bundle/NAMD_Git-2022-07-21_Source/charmGIT_mpi_smp/mpi-crayshasta-smp/CMakeFiles/CMakeTmp'
Building C object CMakeFiles/cmTC_91326.dir/src.c.o
/opt/cray/pe/craype/2.7.19.2/bin/cc -D_GNU_SOURCE  -DCMK_CONTEXT_V_REGS -O3 -DNDEBUG   -o CMakeFiles/cmTC_91326.dir/src.c.o   -c /cray/css/users/smehta/NAMD_CPU_bundle/NAMD_Git-2022-07-21_Source/charmGIT_mpi_smp/mpi-crayshasta-smp/CMakeFiles/CMakeTmp/src.c
/cray/css/users/smehta/NAMD_CPU_bundle/NAMD_Git-2022-07-21_Source/charmGIT_mpi_smp/mpi-crayshasta-smp/CMakeFiles/CMakeTmp/src.c:3:1: error: unknown type name 'vrregset_t'
vrregset_t *v_regs;
^
/cray/css/users/smehta/NAMD_CPU_bundle/NAMD_Git-2022-07-21_Source/charmGIT_mpi_smp/mpi-crayshasta-smp/CMakeFiles/CMakeTmp/src.c:8:3: error: use of undeclared identifier 'vrregset_t'
  vrregset_t *ptr = uc.uc_mcontext.v_regs;
  ^
/cray/css/users/smehta/NAMD_CPU_bundle/NAMD_Git-2022-07-21_Source/charmGIT_mpi_smp/mpi-crayshasta-smp/CMakeFiles/CMakeTmp/src.c:8:15: error: use of undeclared identifier 'ptr'
  vrregset_t *ptr = uc.uc_mcontext.v_regs;
              ^
/cray/css/users/smehta/NAMD_CPU_bundle/NAMD_Git-2022-07-21_Source/charmGIT_mpi_smp/mpi-crayshasta-smp/CMakeFiles/CMakeTmp/src.c:8:36: error: no member named 'v_regs' in 'mcontext_t'
  vrregset_t *ptr = uc.uc_mcontext.v_regs;
                    ~~~~~~~~~~~~~~ ^
4 errors generated.
gmake[1]: *** [CMakeFiles/cmTC_91326.dir/build.make:83: CMakeFiles/cmTC_91326.dir/src.c.o] Error 1
gmake[1]: Leaving directory '/cray/css/users/smehta/NAMD_CPU_bundle/NAMD_Git-2022-07-21_Source/charmGIT_mpi_smp/mpi-crayshasta-smp/CMakeFiles/CMakeTmp'
gmake: *** [Makefile:138: cmTC_91326/fast] Error 2


Source file was:

#include <ucontext.h>
vrregset_t *v_regs;
ucontext_t  uc;

int main()
{
  vrregset_t *ptr = uc.uc_mcontext.v_regs;
}

Determining size of std::void_t failed with the following output:
Change Dir: /cray/css/users/smehta/NAMD_CPU_bundle/NAMD_Git-2022-07-21_Source/charmGIT_mpi_smp/mpi-crayshasta-smp/CMakeFiles/CMakeTmp

Run Build Command(s):/usr/bin/gmake cmTC_7e45a/fast && /usr/bin/gmake -f CMakeFiles/cmTC_7e45a.dir/build.make CMakeFiles/cmTC_7e45a.dir/build
gmake[1]: Entering directory '/cray/css/users/smehta/NAMD_CPU_bundle/NAMD_Git-2022-07-21_Source/charmGIT_mpi_smp/mpi-crayshasta-smp/CMakeFiles/CMakeTmp'
Building CXX object CMakeFiles/cmTC_7e45a.dir/CMK_HAS_STD_VOID_T.cpp.o
/opt/cray/pe/craype/2.7.19.2/bin/CC  -D_GNU_SOURCE  -std=c++11 -O3 -DNDEBUG   -o CMakeFiles/cmTC_7e45a.dir/CMK_HAS_STD_VOID_T.cpp.o -c /cray/css/users/smehta/NAMD_CPU_bundle/NAMD_Git-2022-07-21_Source/charmGIT_mpi_smp/mpi-crayshasta-smp/CMakeFiles/CheckTypeSize/CMK_HAS_STD_VOID_T.cpp
/cray/css/users/smehta/NAMD_CPU_bundle/NAMD_Git-2022-07-21_Source/charmGIT_mpi_smp/mpi-crayshasta-smp/CMakeFiles/CheckTypeSize/CMK_HAS_STD_VOID_T.cpp:27:12: error: use of undeclared identifier 'std'
  ('0' + ((SIZE / 10000)%10)),
           ^
/cray/css/users/smehta/NAMD_CPU_bundle/NAMD_Git-2022-07-21_Source/charmGIT_mpi_smp/mpi-crayshasta-smp/CMakeFiles/CheckTypeSize/CMK_HAS_STD_VOID_T.cpp:25:22: note: expanded from macro 'SIZE'
#define SIZE (sizeof(std::void_t))
                     ^
/cray/css/users/smehta/NAMD_CPU_bundle/NAMD_Git-2022-07-21_Source/charmGIT_mpi_smp/mpi-crayshasta-smp/CMakeFiles/CheckTypeSize/CMK_HAS_STD_VOID_T.cpp:28:12: error: use of undeclared identifier 'std'
  ('0' + ((SIZE / 1000)%10)),
           ^
/cray/css/users/smehta/NAMD_CPU_bundle/NAMD_Git-2022-07-21_Source/charmGIT_mpi_smp/mpi-crayshasta-smp/CMakeFiles/CheckTypeSize/CMK_HAS_STD_VOID_T.cpp:25:22: note: expanded from macro 'SIZE'
#define SIZE (sizeof(std::void_t))
                     ^
/cray/css/users/smehta/NAMD_CPU_bundle/NAMD_Git-2022-07-21_Source/charmGIT_mpi_smp/mpi-crayshasta-smp/CMakeFiles/CheckTypeSize/CMK_HAS_STD_VOID_T.cpp:29:12: error: use of undeclared identifier 'std'
  ('0' + ((SIZE / 100)%10)),
           ^
/cray/css/users/smehta/NAMD_CPU_bundle/NAMD_Git-2022-07-21_Source/charmGIT_mpi_smp/mpi-crayshasta-smp/CMakeFiles/CheckTypeSize/CMK_HAS_STD_VOID_T.cpp:25:22: note: expanded from macro 'SIZE'
#define SIZE (sizeof(std::void_t))
                     ^
/cray/css/users/smehta/NAMD_CPU_bundle/NAMD_Git-2022-07-21_Source/charmGIT_mpi_smp/mpi-crayshasta-smp/CMakeFiles/CheckTypeSize/CMK_HAS_STD_VOID_T.cpp:30:12: error: use of undeclared identifier 'std'
  ('0' + ((SIZE / 10)%10)),
           ^
/cray/css/users/smehta/NAMD_CPU_bundle/NAMD_Git-2022-07-21_Source/charmGIT_mpi_smp/mpi-crayshasta-smp/CMakeFiles/CheckTypeSize/CMK_HAS_STD_VOID_T.cpp:25:22: note: expanded from macro 'SIZE'
#define SIZE (sizeof(std::void_t))
                     ^
/cray/css/users/smehta/NAMD_CPU_bundle/NAMD_Git-2022-07-21_Source/charmGIT_mpi_smp/mpi-crayshasta-smp/CMakeFiles/CheckTypeSize/CMK_HAS_STD_VOID_T.cpp:31:12: error: use of undeclared identifier 'std'
  ('0' +  (SIZE    % 10)),
           ^
/cray/css/users/smehta/NAMD_CPU_bundle/NAMD_Git-2022-07-21_Source/charmGIT_mpi_smp/mpi-crayshasta-smp/CMakeFiles/CheckTypeSize/CMK_HAS_STD_VOID_T.cpp:25:22: note: expanded from macro 'SIZE'
#define SIZE (sizeof(std::void_t))
                     ^
5 errors generated.
gmake[1]: *** [CMakeFiles/cmTC_7e45a.dir/build.make:83: CMakeFiles/cmTC_7e45a.dir/CMK_HAS_STD_VOID_T.cpp.o] Error 1
gmake[1]: Leaving directory '/cray/css/users/smehta/NAMD_CPU_bundle/NAMD_Git-2022-07-21_Source/charmGIT_mpi_smp/mpi-crayshasta-smp/CMakeFiles/CMakeTmp'
gmake: *** [Makefile:138: cmTC_7e45a/fast] Error 2


/cray/css/users/smehta/NAMD_CPU_bundle/NAMD_Git-2022-07-21_Source/charmGIT_mpi_smp/mpi-crayshasta-smp/CMakeFiles/CheckTypeSize/CMK_HAS_STD_VOID_T.cpp:
#include <sys/types.h>
#include <stdint.h>
#include <stddef.h>
#include "sys/types.h"
#include "sys/socket.h"


#undef KEY
#if defined(__i386)
# define KEY '_','_','i','3','8','6'
#elif defined(__x86_64)
# define KEY '_','_','x','8','6','_','6','4'
#elif defined(__ppc__)
# define KEY '_','_','p','p','c','_','_'
#elif defined(__ppc64__)
# define KEY '_','_','p','p','c','6','4','_','_'
#elif defined(__aarch64__)
# define KEY '_','_','a','a','r','c','h','6','4','_','_'
#elif defined(__ARM_ARCH_7A__)
# define KEY '_','_','A','R','M','_','A','R','C','H','_','7','A','_','_'
#elif defined(__ARM_ARCH_7S__)
# define KEY '_','_','A','R','M','_','A','R','C','H','_','7','S','_','_'
#endif

#define SIZE (sizeof(std::void_t))
static char info_size[] =  {'I', 'N', 'F', 'O', ':', 's','i','z','e','[',
  ('0' + ((SIZE / 10000)%10)),
  ('0' + ((SIZE / 1000)%10)),
  ('0' + ((SIZE / 100)%10)),
  ('0' + ((SIZE / 10)%10)),
  ('0' +  (SIZE    % 10)),
  ']',
#ifdef KEY
  ' ','k','e','y','[', KEY, ']',
#endif
  '\0'};

#ifdef __CLASSIC_C__
int main(argc, argv) int argc; char *argv[];
#else
int main(int argc, char *argv[])
#endif
{
  int require = 0;
  require += info_size[argc];
  (void)argv;
  return require;
}


Determining if the include file cstdatomic exists failed with the following output:
Change Dir: /cray/css/users/smehta/NAMD_CPU_bundle/NAMD_Git-2022-07-21_Source/charmGIT_mpi_smp/mpi-crayshasta-smp/CMakeFiles/CMakeTmp

Run Build Command(s):/usr/bin/gmake cmTC_f7997/fast && /usr/bin/gmake -f CMakeFiles/cmTC_f7997.dir/build.make CMakeFiles/cmTC_f7997.dir/build
gmake[1]: Entering directory '/cray/css/users/smehta/NAMD_CPU_bundle/NAMD_Git-2022-07-21_Source/charmGIT_mpi_smp/mpi-crayshasta-smp/CMakeFiles/CMakeTmp'
Building CXX object CMakeFiles/cmTC_f7997.dir/CheckIncludeFile.cxx.o
/opt/cray/pe/craype/2.7.19.2/bin/CC  -D_GNU_SOURCE  -std=c++11 -O3 -DNDEBUG   -o CMakeFiles/cmTC_f7997.dir/CheckIncludeFile.cxx.o -c /cray/css/users/smehta/NAMD_CPU_bundle/NAMD_Git-2022-07-21_Source/charmGIT_mpi_smp/mpi-crayshasta-smp/CMakeFiles/CMakeTmp/CheckIncludeFile.cxx
/cray/css/users/smehta/NAMD_CPU_bundle/NAMD_Git-2022-07-21_Source/charmGIT_mpi_smp/mpi-crayshasta-smp/CMakeFiles/CMakeTmp/CheckIncludeFile.cxx:1:10: fatal error: 'cstdatomic' file not found
#include <cstdatomic>
         ^~~~~~~~~~~~
1 error generated.
gmake[1]: *** [CMakeFiles/cmTC_f7997.dir/build.make:83: CMakeFiles/cmTC_f7997.dir/CheckIncludeFile.cxx.o] Error 1
gmake[1]: Leaving directory '/cray/css/users/smehta/NAMD_CPU_bundle/NAMD_Git-2022-07-21_Source/charmGIT_mpi_smp/mpi-crayshasta-smp/CMakeFiles/CMakeTmp'
gmake: *** [Makefile:138: cmTC_f7997/fast] Error 2



Performing C++ SOURCE FILE Test CMK_COMPILER_KNOWS_LIFETIMEDSE failed with the following output:
Change Dir: /cray/css/users/smehta/NAMD_CPU_bundle/NAMD_Git-2022-07-21_Source/charmGIT_mpi_smp/mpi-crayshasta-smp/CMakeFiles/CMakeTmp

Run Build Command(s):/usr/bin/gmake cmTC_b09ec/fast && /usr/bin/gmake -f CMakeFiles/cmTC_b09ec.dir/build.make CMakeFiles/cmTC_b09ec.dir/build
gmake[1]: Entering directory '/cray/css/users/smehta/NAMD_CPU_bundle/NAMD_Git-2022-07-21_Source/charmGIT_mpi_smp/mpi-crayshasta-smp/CMakeFiles/CMakeTmp'
Building CXX object CMakeFiles/cmTC_b09ec.dir/src.cxx.o
/opt/cray/pe/craype/2.7.19.2/bin/CC    -DCMK_COMPILER_KNOWS_LIFETIMEDSE -std=c++11 -O3 -DNDEBUG   -fno-lifetime-dse -o CMakeFiles/cmTC_b09ec.dir/src.cxx.o -c /cray/css/users/smehta/NAMD_CPU_bundle/NAMD_Git-2022-07-21_Source/charmGIT_mpi_smp/mpi-crayshasta-smp/CMakeFiles/CMakeTmp/src.cxx
clang-15: error: unknown argument: '-fno-lifetime-dse'
gmake[1]: *** [CMakeFiles/cmTC_b09ec.dir/build.make:83: CMakeFiles/cmTC_b09ec.dir/src.cxx.o] Error 1
gmake[1]: Leaving directory '/cray/css/users/smehta/NAMD_CPU_bundle/NAMD_Git-2022-07-21_Source/charmGIT_mpi_smp/mpi-crayshasta-smp/CMakeFiles/CMakeTmp'
gmake: *** [Makefile:138: cmTC_b09ec/fast] Error 2


Source file was:
int main() { return 0; }
Performing C++ SOURCE FILE Test CMK_DLL_USE_WIN32 failed with the following output:
Change Dir: /cray/css/users/smehta/NAMD_CPU_bundle/NAMD_Git-2022-07-21_Source/charmGIT_mpi_smp/mpi-crayshasta-smp/CMakeFiles/CMakeTmp

Run Build Command(s):/usr/bin/gmake cmTC_4c1f7/fast && /usr/bin/gmake -f CMakeFiles/cmTC_4c1f7.dir/build.make CMakeFiles/cmTC_4c1f7.dir/build
gmake[1]: Entering directory '/cray/css/users/smehta/NAMD_CPU_bundle/NAMD_Git-2022-07-21_Source/charmGIT_mpi_smp/mpi-crayshasta-smp/CMakeFiles/CMakeTmp'
Building CXX object CMakeFiles/cmTC_4c1f7.dir/src.cxx.o
/opt/cray/pe/craype/2.7.19.2/bin/CC  -D_GNU_SOURCE  -DCMK_DLL_USE_WIN32 -std=c++11 -O3 -DNDEBUG   -o CMakeFiles/cmTC_4c1f7.dir/src.cxx.o -c /cray/css/users/smehta/NAMD_CPU_bundle/NAMD_Git-2022-07-21_Source/charmGIT_mpi_smp/mpi-crayshasta-smp/CMakeFiles/CMakeTmp/src.cxx
/cray/css/users/smehta/NAMD_CPU_bundle/NAMD_Git-2022-07-21_Source/charmGIT_mpi_smp/mpi-crayshasta-smp/CMakeFiles/CMakeTmp/src.cxx:9:10: fatal error: 'ckdll.h' file not found
#include "ckdll.h"
         ^~~~~~~~~
1 error generated.
gmake[1]: *** [CMakeFiles/cmTC_4c1f7.dir/build.make:83: CMakeFiles/cmTC_4c1f7.dir/src.cxx.o] Error 1
gmake[1]: Leaving directory '/cray/css/users/smehta/NAMD_CPU_bundle/NAMD_Git-2022-07-21_Source/charmGIT_mpi_smp/mpi-crayshasta-smp/CMakeFiles/CMakeTmp'
gmake: *** [Makefile:138: cmTC_4c1f7/fast] Error 2


Source file was:
/*
  Win32/getProcAddress version of CkDll class.
  This file can be #included whole by the configure script or ckdll.C.

  WARNING: This file is untested-- it may not even compile!
  
  Orion Sky Lawlor, olawlor@acm.org, 9/10/2002
*/
#include "ckdll.h"
#include <windows.h>

CkDll::CkDll(const char *name) {
	handle=(void *)LoadLibrary(name);
}
void *CkDll::lookup(const char *name) {
	return GetProcAddress((Handle)handle,name);
}
CkDll::~CkDll() {
	UnloadLibrary((Handle)handle);
}

const char *CkDll::extension=".dll";

 int main(){}
